2017-05-12 09:58:20.372 [ INFO] main (Logger.java) - 73*MD48JZI1PZU46MLH4PW2DCB
2017-05-12 09:58:20.374 [ INFO] main (Logger.java) - 
2017-05-12 09:58:20.380 [ INFO] main (Logger.java) - 3FVZW*6P4FMPNXZKP5P865RGYJ
2017-05-12 09:58:20.380 [ INFO] main (Logger.java) - 
2017-05-12 09:58:20.383 [ INFO] main (Logger.java) - 2BCGCKRHUU76Y5WB64EPKUYZF9
2017-05-12 09:58:20.383 [ INFO] main (Logger.java) - 
2017-05-12 09:58:20.387 [ INFO] main (Logger.java) - 9G1I496P531UB3NT4LUIWY882*
2017-05-12 09:58:20.387 [ INFO] main (Logger.java) - 
2017-05-12 09:58:20.390 [ INFO] main (Logger.java) - 74NA6#D9UBLS9F*HBX1AQ357DW
2017-05-12 09:58:20.390 [ INFO] main (Logger.java) - 
2017-05-12 09:58:20.392 [ INFO] main (Logger.java) - 1EH7*F7Q8#4IG9PR85PPLC*6H3
2017-05-12 09:58:20.392 [ INFO] main (Logger.java) - 
2017-05-12 09:58:20.394 [ INFO] main (Logger.java) - 16YF98WMJ1VTEYLI1YF4TVY97T
2017-05-12 09:58:20.394 [ INFO] main (Logger.java) - 
2017-05-12 09:58:20.395 [ INFO] main (Logger.java) - 94HIM2#K1K5TVJ6NGJK7GXRUNE
2017-05-12 09:58:20.396 [ INFO] main (Logger.java) - 
2017-05-12 09:58:20.398 [ INFO] main (Logger.java) - 662C8A*Y32CXWA74V6ZY1WBHA#
2017-05-12 09:58:20.399 [ INFO] main (Logger.java) - 
2017-05-12 09:58:20.400 [ INFO] main (Logger.java) - 9E1AP7A8WSTP#8EJXZKDR2B1ZZ
2017-05-12 09:58:20.400 [ INFO] main (Logger.java) - 
2017-05-12 09:58:20.401 [ INFO] main (Logger.java) - 9BI5HX9YHL9IES2TN21YXSDPCM
2017-05-12 09:58:20.401 [ INFO] main (Logger.java) - 
2017-05-12 09:58:20.402 [ INFO] main (Logger.java) - 587#JRPLV#ETNLY4PAG97#3QGD
2017-05-12 09:58:20.402 [ INFO] main (Logger.java) - 
2017-05-12 09:58:20.403 [ INFO] main (Logger.java) - 2DI#U2#FBD6T2C7XY*PUN4YAT2
2017-05-12 09:58:20.404 [ INFO] main (Logger.java) - 
2017-05-12 09:58:20.404 [ INFO] main (Logger.java) - 95AUKM4RUQULR8BR5X2MZDFEIW
2017-05-12 09:58:20.405 [ INFO] main (Logger.java) - 
2017-05-12 09:58:20.405 [ INFO] main (Logger.java) - 4RUH5K1G99GJDM3UL6SBGNMJ*
2017-05-12 09:58:20.406 [ INFO] main (Logger.java) - 
2017-05-12 09:58:20.406 [ INFO] main (Logger.java) - 9ENYNDNVU6N7PLZY2Z97DDDP#J
2017-05-12 09:58:20.406 [ INFO] main (Logger.java) - 
2017-05-12 09:58:20.407 [ INFO] main (Logger.java) - 2BX1Z61ALRYSX8LSPPLL1YS#SB
2017-05-12 09:58:20.407 [ INFO] main (Logger.java) - 
2017-05-12 09:58:20.408 [ INFO] main (Logger.java) - 43U4W*2K*ZRPSE2UCTUTZ6F*5M
2017-05-12 09:58:20.408 [ INFO] main (Logger.java) - 
2017-05-12 09:58:20.409 [ INFO] main (Logger.java) - 9EH2DNT*KT#FIBM6M38U6MWUYZ
2017-05-12 09:58:20.409 [ INFO] main (Logger.java) - 
2017-05-12 09:58:20.410 [ INFO] main (Logger.java) - 8BXDUTE7FN#CH82*DYI9R64SD4
2017-05-12 09:58:20.410 [ INFO] main (Logger.java) - 
2017-05-12 09:58:20.411 [ INFO] main (Logger.java) - 1A9PMHAKF6YSK2YR8ZJC9#84*Z
2017-05-12 09:58:20.411 [ INFO] main (Logger.java) - 
2017-05-12 09:58:20.412 [ INFO] main (Logger.java) - 54YGR545U9RWY81XHYRCJ4T55L
2017-05-12 09:58:20.412 [ INFO] main (Logger.java) - 
2017-05-12 09:58:20.413 [ INFO] main (Logger.java) - 795XCZ2#7IUFERDTL74DJSHPI6
2017-05-12 09:58:20.413 [ INFO] main (Logger.java) - 
2017-05-12 09:58:20.414 [ INFO] main (Logger.java) - 54VASFFT5HVD#E412UB9FSPWS8
2017-05-12 09:58:20.414 [ INFO] main (Logger.java) - 
2017-05-12 09:58:20.414 [ INFO] main (Logger.java) - 1E#PA*NYT3C6#CUINXGI4M973C
2017-05-12 09:58:20.415 [ INFO] main (Logger.java) - 
2017-05-12 09:58:20.415 [ INFO] main (Logger.java) - 7FMQEQ8L1FMVZ#WBQL4#BITW*Z
2017-05-12 09:58:20.415 [ INFO] main (Logger.java) - 
2017-05-12 09:58:20.416 [ INFO] main (Logger.java) - 43JNF3D5IXPFXZXA5HRTQ3NISX
2017-05-12 09:58:20.416 [ INFO] main (Logger.java) - 
2017-05-12 09:58:20.417 [ INFO] main (Logger.java) - 7F*YZT9#5Q71*6*YH5UCFG25Q4
2017-05-12 09:58:20.417 [ INFO] main (Logger.java) - 
2017-05-12 09:58:20.418 [ INFO] main (Logger.java) - 2DPS9#GN3X8XPXE3J3I9JG*388
2017-05-12 09:58:20.418 [ INFO] main (Logger.java) - 
2017-05-12 09:58:20.418 [ INFO] main (Logger.java) - 2BVUY4PSI5G37HEZ1F4ZRAUR16
2017-05-12 09:58:20.419 [ INFO] main (Logger.java) - 
2017-05-12 09:58:20.419 [ INFO] main (Logger.java) - 35QJNCVP5R9JKK4NR63446UAAM
2017-05-12 09:58:20.419 [ INFO] main (Logger.java) - 
2017-05-12 09:58:20.420 [ INFO] main (Logger.java) - 95EKX#5H*TH263ICBZHX33LGAY
2017-05-12 09:58:20.420 [ INFO] main (Logger.java) - 
2017-05-12 09:58:20.421 [ INFO] main (Logger.java) - 66BQKGQE9BQMR7H3EEL3CZ#NNT
2017-05-12 09:58:20.421 [ INFO] main (Logger.java) - 
2017-05-12 09:58:20.422 [ INFO] main (Logger.java) - 37K9*UQ#LSADN838P#QCP5G1G
2017-05-12 09:58:20.422 [ INFO] main (Logger.java) - 
2017-05-12 09:58:20.423 [ INFO] main (Logger.java) - 28*SPX89RT*N51SI9#11CT7#9N
2017-05-12 09:58:20.423 [ INFO] main (Logger.java) - 
2017-05-12 09:58:20.423 [ INFO] main (Logger.java) - 5DLCK*5BSU2G1W414F8UUP554H
2017-05-12 09:58:20.424 [ INFO] main (Logger.java) - 
2017-05-12 09:58:20.424 [ INFO] main (Logger.java) - 934HSN4QCAKASD8QQKPJ4JXVK8
2017-05-12 09:58:20.424 [ INFO] main (Logger.java) - 
2017-05-12 09:58:20.425 [ INFO] main (Logger.java) - 55U39I1BIRVCNIYG#1M51GY9C3
2017-05-12 09:58:20.425 [ INFO] main (Logger.java) - 
2017-05-12 09:58:20.425 [ INFO] main (Logger.java) - 49CFNX353I*4TVN9BKSLYZ5GZ
2017-05-12 09:58:20.426 [ INFO] main (Logger.java) - 
2017-05-12 09:58:20.426 [ INFO] main (Logger.java) - 1FLVDQE*K9HV15V9MZE5D7BUYS
2017-05-12 09:58:20.426 [ INFO] main (Logger.java) - 
2017-05-12 09:58:20.427 [ INFO] main (Logger.java) - 9ALFL93*KQXJE3RPBMH9UAZAA9
2017-05-12 09:58:20.427 [ INFO] main (Logger.java) - 
2017-05-12 09:58:20.427 [ INFO] main (Logger.java) - 37QCPIKYKCCBAAIP3KK*S77Q9P
2017-05-12 09:58:20.428 [ INFO] main (Logger.java) - 
2017-05-12 09:58:20.428 [ INFO] main (Logger.java) - 52CV7Q2SXQPMET##UETM37C2SW
2017-05-12 09:58:20.428 [ INFO] main (Logger.java) - 
2017-05-12 09:58:20.429 [ INFO] main (Logger.java) - 5B8BAUQRZU2N6CZCIKL8JVLPW4
2017-05-12 09:58:20.429 [ INFO] main (Logger.java) - 
2017-05-12 09:58:20.429 [ INFO] main (Logger.java) - 3BK7A7P4TJ8E27LAX1F7QDK4LZ
2017-05-12 09:58:20.430 [ INFO] main (Logger.java) - 
2017-05-12 09:58:20.430 [ INFO] main (Logger.java) - 85LSNTY3WVCQST5TV6ZJNM1Z9S
2017-05-12 09:58:20.430 [ INFO] main (Logger.java) - 
2017-05-12 09:58:20.431 [ INFO] main (Logger.java) - 76B1TRKVEGR*BPA#AH1YYPGEEU
2017-05-12 09:58:20.431 [ INFO] main (Logger.java) - 
2017-05-12 09:58:20.431 [ INFO] main (Logger.java) - 6DZEV7UWEB5BKK5*RH7Z4C2T14
2017-05-12 09:58:20.431 [ INFO] main (Logger.java) - 
2017-05-12 09:58:20.432 [ INFO] main (Logger.java) - 64DJK#BU2RBJT5HJSWA7SIMVFU
2017-05-12 09:58:20.432 [ INFO] main (Logger.java) - 
2017-05-12 09:58:20.433 [ INFO] main (Logger.java) - 7CYWW8IRIMTPZ6D3LTBSET*B8V
2017-05-12 09:58:20.433 [ INFO] main (Logger.java) - 
2017-05-12 09:58:20.433 [ INFO] main (Logger.java) - 74985C3W#HR2ANQKHIW41EUG9B
2017-05-12 09:58:20.433 [ INFO] main (Logger.java) - 
2017-05-12 09:58:20.434 [ INFO] main (Logger.java) - 8BJMGCR4GBEHLFY45PX19MTBI#
2017-05-12 09:58:20.434 [ INFO] main (Logger.java) - 
2017-05-12 09:58:20.434 [ INFO] main (Logger.java) - 678M#7E#8BAXF1AA33IF2AUU4X
2017-05-12 09:58:20.434 [ INFO] main (Logger.java) - 
2017-05-12 09:58:20.435 [ INFO] main (Logger.java) - 36VLKSBYW6FJ5HJ6JAZ7#ZWL87
2017-05-12 09:58:20.435 [ INFO] main (Logger.java) - 
2017-05-12 09:58:20.435 [ INFO] main (Logger.java) - 5EC6KQNR23MPTCB1RAZWK7VTWZ
2017-05-12 09:58:20.436 [ INFO] main (Logger.java) - 
2017-05-12 09:58:20.436 [ INFO] main (Logger.java) - 28#6H1L12FB72JMWIFNWTH#GNT
2017-05-12 09:58:20.436 [ INFO] main (Logger.java) - 
2017-05-12 09:58:20.436 [ INFO] main (Logger.java) - 65FA8BYUG5SG2DMU6I5M#N16JY
2017-05-12 09:58:20.437 [ INFO] main (Logger.java) - 
2017-05-12 09:58:20.437 [ INFO] main (Logger.java) - 3G5F6EABZ9GNSDCGWUKJJ49L2B
2017-05-12 09:58:20.437 [ INFO] main (Logger.java) - 
2017-05-12 09:58:20.437 [ INFO] main (Logger.java) - 45UJTE7QF5IEI7A77W84HGEVD2
2017-05-12 09:58:20.438 [ INFO] main (Logger.java) - 
2017-05-12 09:58:20.438 [ INFO] main (Logger.java) - 89IIWGHTLW39PL5PSK477PHRXB
2017-05-12 09:58:20.438 [ INFO] main (Logger.java) - 
2017-05-12 09:58:20.439 [ INFO] main (Logger.java) - 55KDC#WGKGRI73RTH##AVF9WBW
2017-05-12 09:58:20.439 [ INFO] main (Logger.java) - 
2017-05-12 09:58:20.440 [ INFO] main (Logger.java) - 14W4JP19RLZMJE8SD*JGAHNTC9
2017-05-12 09:58:20.440 [ INFO] main (Logger.java) - 
2017-05-12 09:58:20.440 [ INFO] main (Logger.java) - 6B2*UYMC7HEBRS#Z7HA2F1H1IK
2017-05-12 09:58:20.440 [ INFO] main (Logger.java) - 
2017-05-12 09:58:20.441 [ INFO] main (Logger.java) - 36FW4X5HL9#*YXGSL1RF5CB33Z
2017-05-12 09:58:20.441 [ INFO] main (Logger.java) - 
2017-05-12 09:58:20.441 [ INFO] main (Logger.java) - 2DT9HLU7J5RYSGRYMPK1LXRWS4
2017-05-12 09:58:20.441 [ INFO] main (Logger.java) - 
2017-05-12 09:58:20.442 [ INFO] main (Logger.java) - 72ZEP1*U3Q*TK39TTCWJRTYWPS
2017-05-12 09:58:20.442 [ INFO] main (Logger.java) - 
2017-05-12 09:58:20.442 [ INFO] main (Logger.java) - 6FL*LVK19A#HF8DEWVJL44MM7C
2017-05-12 09:58:20.442 [ INFO] main (Logger.java) - 
2017-05-12 09:58:20.443 [ INFO] main (Logger.java) - 936KP516P24BU5#L6#F1AE6CMT
2017-05-12 09:58:20.443 [ INFO] main (Logger.java) - 
2017-05-12 09:58:20.443 [ INFO] main (Logger.java) - 1F24586F4H1NMUKTZ71K2WA2VR
2017-05-12 09:58:20.444 [ INFO] main (Logger.java) - 
2017-05-12 09:58:20.444 [ INFO] main (Logger.java) - 7D54PGCHC1K9IXC2EMLB4JAR6#
2017-05-12 09:58:20.444 [ INFO] main (Logger.java) - 
2017-05-12 09:58:20.444 [ INFO] main (Logger.java) - 2DJTBR6P6AU*IGH86P5KAXXTAW
2017-05-12 09:58:20.444 [ INFO] main (Logger.java) - 
2017-05-12 09:58:20.445 [ INFO] main (Logger.java) - 9IN8H#CH9MDLSA9N9NE5YCKUF
2017-05-12 09:58:20.445 [ INFO] main (Logger.java) - 
2017-05-12 09:58:20.445 [ INFO] main (Logger.java) - 26B364RLV3735KZQ#86GFXY3HE
2017-05-12 09:58:20.446 [ INFO] main (Logger.java) - 
2017-05-12 09:58:20.446 [ INFO] main (Logger.java) - 1FSL79N184JB*IPZ475NC4TCRY
2017-05-12 09:58:20.446 [ INFO] main (Logger.java) - 
2017-05-12 09:58:20.446 [ INFO] main (Logger.java) - 3DXYWMC3VNIPPAF93WST4IE188
2017-05-12 09:58:20.446 [ INFO] main (Logger.java) - 
2017-05-12 09:58:20.447 [ INFO] main (Logger.java) - 3D9IMBVZD*ILK1XILDZWH65VAC
2017-05-12 09:58:20.447 [ INFO] main (Logger.java) - 
2017-05-12 09:58:20.447 [ INFO] main (Logger.java) - 33VTS7N3AJPBBMKA1VN1L7H88T
2017-05-12 09:58:20.447 [ INFO] main (Logger.java) - 
2017-05-12 09:58:20.448 [ INFO] main (Logger.java) - 89L7WE*JU#W53VY5QCD#E9GCKJ
2017-05-12 09:58:20.448 [ INFO] main (Logger.java) - 
2017-05-12 09:58:20.448 [ INFO] main (Logger.java) - 3AHS*X4391D263SEYVYJWNQNWL
2017-05-12 09:58:20.448 [ INFO] main (Logger.java) - 
2017-05-12 09:58:20.449 [ INFO] main (Logger.java) - 787G8V2F26T89Z58PHX5XE3U1I
2017-05-12 09:58:20.449 [ INFO] main (Logger.java) - 
2017-05-12 09:58:20.449 [ INFO] main (Logger.java) - 133FHWH1QCSUS8EH9R7LQIMISK
2017-05-12 09:58:20.449 [ INFO] main (Logger.java) - 
2017-05-12 09:58:20.450 [ INFO] main (Logger.java) - 37MSQQRLQ5KT7VXRQ2AQS179BY
2017-05-12 09:58:20.450 [ INFO] main (Logger.java) - 
2017-05-12 09:58:20.450 [ INFO] main (Logger.java) - 9FIRJ221M5UPANT8VC3K4E9LUM
2017-05-12 09:58:20.450 [ INFO] main (Logger.java) - 
2017-05-12 09:58:20.451 [ INFO] main (Logger.java) - 2C#V7SEUAXKVH4U9N6Q49B#IQ2
2017-05-12 09:58:20.451 [ INFO] main (Logger.java) - 
2017-05-12 09:58:20.451 [ INFO] main (Logger.java) - 6DY**YG63654XVPF7XYQV#DS7
2017-05-12 09:58:20.451 [ INFO] main (Logger.java) - 
2017-05-12 09:58:20.451 [ INFO] main (Logger.java) - 26E5EX*V6V3B*XC7L*I75DU6EN
2017-05-12 09:58:20.452 [ INFO] main (Logger.java) - 
2017-05-12 09:58:20.452 [ INFO] main (Logger.java) - 3FWDJN7DG*C*WK*4MZH87W#R13
2017-05-12 09:58:20.452 [ INFO] main (Logger.java) - 
2017-05-12 09:58:20.452 [ INFO] main (Logger.java) - 7BQC#HECVSTYYSRDTHHBNUAN4V
2017-05-12 09:58:20.453 [ INFO] main (Logger.java) - 
2017-05-12 09:58:20.453 [ INFO] main (Logger.java) - 9E*WUDCX29267BBKYMYYV*1GJR
2017-05-12 09:58:20.453 [ INFO] main (Logger.java) - 
2017-05-12 09:58:20.453 [ INFO] main (Logger.java) - 3EMZYW37SWY732N85##GFVPUAV
2017-05-12 09:58:20.454 [ INFO] main (Logger.java) - 
2017-05-12 09:58:20.454 [ INFO] main (Logger.java) - 36N92B1JS9JIMA39#HP7ATT#WE
2017-05-12 09:58:20.454 [ INFO] main (Logger.java) - 
2017-05-12 09:58:20.455 [ INFO] main (Logger.java) - 3F4W7CNQ5GMU94*F#MHG9MNUA
2017-05-12 09:58:20.455 [ INFO] main (Logger.java) - 
2017-05-12 09:58:20.455 [ INFO] main (Logger.java) - 5AVWKA63K73#AMYNRLWLFPLRUX
2017-05-12 09:58:20.455 [ INFO] main (Logger.java) - 
2017-05-12 09:58:20.456 [ INFO] main (Logger.java) - 3AH1E*QKI97H5J*5SIQKTQ1MT4
2017-05-12 09:58:20.456 [ INFO] main (Logger.java) - 
2017-05-12 09:58:20.456 [ INFO] main (Logger.java) - 44GU17N6X2BBH*KBXUIZ94T6LC
2017-05-12 09:58:20.456 [ INFO] main (Logger.java) - 
2017-05-12 09:58:20.456 [ INFO] main (Logger.java) - 26QGIKWSP3USCF3SDQJ57V636E
2017-05-12 09:58:20.457 [ INFO] main (Logger.java) - 
2017-05-12 09:58:20.457 [ INFO] main (Logger.java) - 36P9JA5LG*VYS3U*KLSVXMU3AQ
2017-05-12 09:58:20.457 [ INFO] main (Logger.java) - 
2017-05-12 09:58:20.457 [ INFO] main (Logger.java) - 84U5Z**8#TPAH89EL2WU74N8G8
2017-05-12 09:58:20.458 [ INFO] main (Logger.java) - 
2017-05-12 09:58:20.458 [ INFO] main (Logger.java) - 2CXCU23W8#JYEQ5PE4PBAQM9EQ
2017-05-12 09:58:20.458 [ INFO] main (Logger.java) - 
2017-05-12 09:58:20.458 [ INFO] main (Logger.java) - 44IMMTXP2U*SQHSFWQ2Q3PAF4U
2017-05-12 09:58:20.458 [ INFO] main (Logger.java) - 
2017-05-12 09:58:20.459 [ INFO] main (Logger.java) - 7AN52VBBZMV*5NEBLZYMYL86SJ
2017-05-12 09:58:20.459 [ INFO] main (Logger.java) - 
2017-05-12 09:58:20.459 [ INFO] main (Logger.java) - 1AWXADR2INKCGNHH77GD*W68AB
2017-05-12 09:58:20.459 [ INFO] main (Logger.java) - 
2017-05-12 09:58:20.460 [ INFO] main (Logger.java) - 3C2CAIEY#236R48QK5EFKKLSMX
2017-05-12 09:58:20.460 [ INFO] main (Logger.java) - 
2017-05-12 09:58:20.460 [ INFO] main (Logger.java) - 1DQ9ZH5SWRSA2JZ8W6FYL5I4ZA
2017-05-12 09:58:20.460 [ INFO] main (Logger.java) - 
2017-05-12 09:58:20.460 [ INFO] main (Logger.java) - 97L1KK2BJI7842M2MCIRG#UH3
2017-05-12 09:58:20.460 [ INFO] main (Logger.java) - 
2017-05-12 09:58:20.461 [ INFO] main (Logger.java) - 45ADQYLLNYL9*CTBEV3TIVBN1#
2017-05-12 09:58:20.461 [ INFO] main (Logger.java) - 
2017-05-12 09:58:20.461 [ INFO] main (Logger.java) - 8EIQ#G6VXMWGSKX2AU*JRIE5UN
2017-05-12 09:58:20.461 [ INFO] main (Logger.java) - 
2017-05-12 09:58:20.462 [ INFO] main (Logger.java) - 33Y8KDW3UWLE1P2HS9SY#T#1XJ
2017-05-12 09:58:20.462 [ INFO] main (Logger.java) - 
2017-05-12 09:58:20.462 [ INFO] main (Logger.java) - 74*72CX77XPG5FBEHGCXLSR8G3
2017-05-12 09:58:20.462 [ INFO] main (Logger.java) - 
2017-05-12 09:58:20.462 [ INFO] main (Logger.java) - 58PLLCT#H2N8W#B28W2DXPZZ6P
2017-05-12 09:58:20.462 [ INFO] main (Logger.java) - 
2017-05-12 09:58:20.463 [ INFO] main (Logger.java) - 77N*GF#ADD**T232F8FHVVFY6B
2017-05-12 09:58:20.463 [ INFO] main (Logger.java) - 
2017-05-12 09:58:20.463 [ INFO] main (Logger.java) - 34PNXZ47HLAH*XI7*LVIN5A*3J
2017-05-12 09:58:20.463 [ INFO] main (Logger.java) - 
2017-05-12 09:58:20.464 [ INFO] main (Logger.java) - 95U#UH2YVRYDHFCD9LECCFJJGT
2017-05-12 09:58:20.464 [ INFO] main (Logger.java) - 
2017-05-12 09:58:20.464 [ INFO] main (Logger.java) - 15JCL9947SR89MWYLFVNVC4S6M
2017-05-12 09:58:20.464 [ INFO] main (Logger.java) - 
2017-05-12 09:58:20.464 [ INFO] main (Logger.java) - 25SMBKYKKE921343#CJV9Q2Q11
2017-05-12 09:58:20.464 [ INFO] main (Logger.java) - 
2017-05-12 09:58:20.465 [ INFO] main (Logger.java) - 5D3DZJF4L*64I#ZSEWF4*43K4C
2017-05-12 09:58:20.465 [ INFO] main (Logger.java) - 
2017-05-12 09:58:20.465 [ INFO] main (Logger.java) - 3DUAZ*54KCDPBKLW3747GNTH28
2017-05-12 09:58:20.465 [ INFO] main (Logger.java) - 
2017-05-12 09:58:20.465 [ INFO] main (Logger.java) - 957NJ946L7PB691NS2EPD*XQ6K
2017-05-12 09:58:20.465 [ INFO] main (Logger.java) - 
2017-05-12 09:58:20.466 [ INFO] main (Logger.java) - 2F8424C23C7KGI58AFNAB2H4LY
2017-05-12 09:58:20.466 [ INFO] main (Logger.java) - 
2017-05-12 09:58:20.467 [ INFO] main (Logger.java) - 422MJG9NFD3RWCQUW35ND4WVH8
2017-05-12 09:58:20.467 [ INFO] main (Logger.java) - 
2017-05-12 09:58:20.467 [ INFO] main (Logger.java) - 1FITF4W1FIGFLBPJS6XQ5C5HVR
2017-05-12 09:58:20.467 [ INFO] main (Logger.java) - 
2017-05-12 09:58:20.467 [ INFO] main (Logger.java) - 95CVYRT#LJ5QL8ZTMLW6GYXU63
2017-05-12 09:58:20.467 [ INFO] main (Logger.java) - 
2017-05-12 09:58:20.468 [ INFO] main (Logger.java) - 9E9HVV3BKHER5N8V5WFZDU164*
2017-05-12 09:58:20.468 [ INFO] main (Logger.java) - 
2017-05-12 09:58:20.468 [ INFO] main (Logger.java) - 3E7Y46YUQZ9P58RH#5PVI7RHGP
2017-05-12 09:58:20.468 [ INFO] main (Logger.java) - 
2017-05-12 09:58:20.468 [ INFO] main (Logger.java) - 6CL1Y1XX5WQ2#7Q8VBLQ9W95FU
2017-05-12 09:58:20.469 [ INFO] main (Logger.java) - 
2017-05-12 09:58:20.469 [ INFO] main (Logger.java) - 63C5XQLWM3B99I8MP3TW29UKIL
2017-05-12 09:58:20.469 [ INFO] main (Logger.java) - 
2017-05-12 09:58:20.469 [ INFO] main (Logger.java) - 8AZ9NBT6CPX#YA*6YVYGSSZFT7
2017-05-12 09:58:20.469 [ INFO] main (Logger.java) - 
2017-05-12 09:58:20.470 [ INFO] main (Logger.java) - 8F77K#VRPR3Y633JTBDTDX7K4L
2017-05-12 09:58:20.470 [ INFO] main (Logger.java) - 
2017-05-12 09:58:20.470 [ INFO] main (Logger.java) - 45QIEDJ276LP1WQZVT6UAR63*N
2017-05-12 09:58:20.470 [ INFO] main (Logger.java) - 
2017-05-12 09:58:20.470 [ INFO] main (Logger.java) - 424PIQZ7GDYYMP81#86E74MK54
2017-05-12 09:58:20.471 [ INFO] main (Logger.java) - 
2017-05-12 09:58:20.471 [ INFO] main (Logger.java) - 1EJNRJW4#WKWG12473ZUY4C6WK
2017-05-12 09:58:20.471 [ INFO] main (Logger.java) - 
2017-05-12 09:58:20.471 [ INFO] main (Logger.java) - 262S62*WRL*VSGCSW6ATNXG3JV
2017-05-12 09:58:20.471 [ INFO] main (Logger.java) - 
2017-05-12 09:58:20.472 [ INFO] main (Logger.java) - 17IRLA6QHNYV9QKMNHR1*Z1FRA
2017-05-12 09:58:20.472 [ INFO] main (Logger.java) - 
2017-05-12 09:58:20.472 [ INFO] main (Logger.java) - 1G66L298Z6WSGI#SDQ3UI97P3B
2017-05-12 09:58:20.472 [ INFO] main (Logger.java) - 
2017-05-12 09:58:20.472 [ INFO] main (Logger.java) - 5AC43LMNSL5PVWQWGZE7BY9SMH
2017-05-12 09:58:20.472 [ INFO] main (Logger.java) - 
2017-05-12 09:58:20.473 [ INFO] main (Logger.java) - 7G2*XYY6DBVQEY19WB3MH8NYLB
2017-05-12 09:58:20.473 [ INFO] main (Logger.java) - 
2017-05-12 09:58:20.473 [ INFO] main (Logger.java) - 588D1RUULXDNLD1TKVHVEWM5E9
2017-05-12 09:58:20.473 [ INFO] main (Logger.java) - 
2017-05-12 09:58:20.473 [ INFO] main (Logger.java) - 641XBE**EDM32N3D66NLFCWL7
2017-05-12 09:58:20.473 [ INFO] main (Logger.java) - 
2017-05-12 09:58:20.474 [ INFO] main (Logger.java) - 9DNVUCVWQBZZ35ZB3SBQR523P#
2017-05-12 09:58:20.474 [ INFO] main (Logger.java) - 
2017-05-12 09:58:20.474 [ INFO] main (Logger.java) - 942#RA5LILH8J8*1JUCEYESCMY
2017-05-12 09:58:20.474 [ INFO] main (Logger.java) - 
2017-05-12 09:58:20.474 [ INFO] main (Logger.java) - 33UFHZDU1EBYHV87U7ZHQC3*YE
2017-05-12 09:58:20.474 [ INFO] main (Logger.java) - 
2017-05-12 09:58:20.475 [ INFO] main (Logger.java) - 9DXIS*4UYU2PCD**EJW435EFY3
2017-05-12 09:58:20.475 [ INFO] main (Logger.java) - 
2017-05-12 09:58:20.475 [ INFO] main (Logger.java) - 65VC#HK6FCQCC14RRJVEZRCC5P
2017-05-12 09:58:20.475 [ INFO] main (Logger.java) - 
2017-05-12 09:58:20.475 [ INFO] main (Logger.java) - 1CK9FVNT79XMZ7YSF2Y4BFRMUV
2017-05-12 09:58:20.475 [ INFO] main (Logger.java) - 
2017-05-12 09:58:20.475 [ INFO] main (Logger.java) - 737J6QK28LQIUBY#FKKK63M4HS
2017-05-12 09:58:20.476 [ INFO] main (Logger.java) - 
2017-05-12 09:58:20.476 [ INFO] main (Logger.java) - 5FM9CT9U4NZXYJWPG3BRY9D53X
2017-05-12 09:58:20.476 [ INFO] main (Logger.java) - 
2017-05-12 09:58:20.476 [ INFO] main (Logger.java) - 87U3TJJ#28*77Q5ICF8NEAICDV
2017-05-12 09:58:20.476 [ INFO] main (Logger.java) - 
2017-05-12 09:58:20.477 [ INFO] main (Logger.java) - 529J5PW2YN8DSX2UTGC#F38WRF
2017-05-12 09:58:20.477 [ INFO] main (Logger.java) - 
2017-05-12 09:58:20.477 [ INFO] main (Logger.java) - 3PXH52HKUV*BRDUY86GIKXAEL
2017-05-12 09:58:20.477 [ INFO] main (Logger.java) - 
2017-05-12 09:58:20.478 [ INFO] main (Logger.java) - 832P*LMH5K#CUUWJ3X96QL9B6E
2017-05-12 09:58:20.484 [ INFO] main (Logger.java) - 
2017-05-12 09:58:20.484 [ INFO] main (Logger.java) - 735Q2V4SMZZC2BYS2JUDLZA#68
2017-05-12 09:58:20.484 [ INFO] main (Logger.java) - 
2017-05-12 09:58:20.485 [ INFO] main (Logger.java) - 56K41RUA8WMJLWLZM7Y3A4UQJL
2017-05-12 09:58:20.485 [ INFO] main (Logger.java) - 
2017-05-12 09:58:20.485 [ INFO] main (Logger.java) - 5AH*CGJLXAZJF*1QL2NYQJIGYV
2017-05-12 09:58:20.485 [ INFO] main (Logger.java) - 
2017-05-12 09:58:20.485 [ INFO] main (Logger.java) - 4ACCPZYUXS#YN2JLXMJ6FKZFDJ
2017-05-12 09:58:20.485 [ INFO] main (Logger.java) - 
2017-05-12 09:58:20.486 [ INFO] main (Logger.java) - 77PDQ8*7VL9U5QA2IRYV2Z7BC5
2017-05-12 09:58:20.486 [ INFO] main (Logger.java) - 
2017-05-12 09:58:20.486 [ INFO] main (Logger.java) - 12CC61BL9KQZXHLJ2EI2VC4ZSF
2017-05-12 09:58:20.486 [ INFO] main (Logger.java) - 
2017-05-12 09:58:20.486 [ INFO] main (Logger.java) - 8G27RYMFL2*NZKUU3Q9T18CBC7
2017-05-12 09:58:20.486 [ INFO] main (Logger.java) - 
2017-05-12 09:58:20.487 [ INFO] main (Logger.java) - 9A7V389Q5UEVU28D2169JYYAH5
2017-05-12 09:58:20.487 [ INFO] main (Logger.java) - 
2017-05-12 09:58:20.487 [ INFO] main (Logger.java) - 924HAI*ZQI6I2A#X#W4QNSUL4V
2017-05-12 09:58:20.487 [ INFO] main (Logger.java) - 
2017-05-12 09:58:20.487 [ INFO] main (Logger.java) - 83UTB7*RSZNA61NY13AB5U6KK9
2017-05-12 09:58:20.487 [ INFO] main (Logger.java) - 
2017-05-12 09:58:20.487 [ INFO] main (Logger.java) - 34JIC2TYGS1CSTWW48T1XJLWGC
2017-05-12 09:58:20.488 [ INFO] main (Logger.java) - 
2017-05-12 09:58:20.488 [ INFO] main (Logger.java) - 79YV5YEUTF2KMLMY423IB4BCAI
2017-05-12 09:58:20.488 [ INFO] main (Logger.java) - 
2017-05-12 09:58:20.488 [ INFO] main (Logger.java) - 863X9Q4B73NWUSU8K5S9UQM5H8
2017-05-12 09:58:20.488 [ INFO] main (Logger.java) - 
2017-05-12 09:58:20.488 [ INFO] main (Logger.java) - 7BDJ9XRKGNCPLW6#*8CWL5EN59
2017-05-12 09:58:20.488 [ INFO] main (Logger.java) - 
2017-05-12 09:58:20.489 [ INFO] main (Logger.java) - 963NP*MXD2EH5VWHKX56XK323J
2017-05-12 09:58:20.489 [ INFO] main (Logger.java) - 
2017-05-12 09:58:20.489 [ INFO] main (Logger.java) - 9FRNNVRWC*Y37T7NRQZ84LAI#L
2017-05-12 09:58:20.489 [ INFO] main (Logger.java) - 
2017-05-12 09:58:20.489 [ INFO] main (Logger.java) - 53P3*7CUHX6155VBKIGNH3NPGK
2017-05-12 09:58:20.489 [ INFO] main (Logger.java) - 
2017-05-12 09:58:20.489 [ INFO] main (Logger.java) - 3E7SJNZXS*V*KUTEZCHHEJI1YD
2017-05-12 09:58:20.490 [ INFO] main (Logger.java) - 
2017-05-12 09:58:20.490 [ INFO] main (Logger.java) - 553VFE4*7PRPS2S59#DMNE117Z
2017-05-12 09:58:20.490 [ INFO] main (Logger.java) - 
2017-05-12 09:58:20.490 [ INFO] main (Logger.java) - 39CMQGR#1MQU9B54RUHP7CB4DY
2017-05-12 09:58:20.490 [ INFO] main (Logger.java) - 
2017-05-12 09:58:20.490 [ INFO] main (Logger.java) - 3AMMVARAAXQA6YVCD437DSNDHR
2017-05-12 09:58:20.490 [ INFO] main (Logger.java) - 
2017-05-12 09:58:20.491 [ INFO] main (Logger.java) - 13J*J5#Q5EUGVHDIHV7QMYRA5H
2017-05-12 09:58:20.491 [ INFO] main (Logger.java) - 
2017-05-12 09:58:20.491 [ INFO] main (Logger.java) - 7AVQDH6JCYDNGH2TPM*6KD82NY
2017-05-12 09:58:20.491 [ INFO] main (Logger.java) - 
2017-05-12 09:58:20.491 [ INFO] main (Logger.java) - 1D9U54F8#6I3BT#*PS1SMACJ1N
2017-05-12 09:58:20.491 [ INFO] main (Logger.java) - 
2017-05-12 09:58:20.491 [ INFO] main (Logger.java) - 45L8NDTWS7XSH11HGSJI94J48N
2017-05-12 09:58:20.492 [ INFO] main (Logger.java) - 
2017-05-12 09:58:20.492 [ INFO] main (Logger.java) - 16LGYKY*IRPS3ARIS4QHB1BNBA
2017-05-12 09:58:20.492 [ INFO] main (Logger.java) - 
2017-05-12 09:58:20.492 [ INFO] main (Logger.java) - 65Q2E1BDY*J8IKJZAITCJ2G7PF
2017-05-12 09:58:20.493 [ INFO] main (Logger.java) - 
2017-05-12 09:58:20.493 [ INFO] main (Logger.java) - 5C*SR1FCAPZX8XSKVD8HG46G4N
2017-05-12 09:58:20.493 [ INFO] main (Logger.java) - 
2017-05-12 09:58:20.493 [ INFO] main (Logger.java) - 54A9YVX7QWDNW16I1JVXWYXASA
2017-05-12 09:58:20.493 [ INFO] main (Logger.java) - 
2017-05-12 09:58:20.493 [ INFO] main (Logger.java) - 4F*8D5LZSEEXU5SVBU3SLFRIEH
2017-05-12 09:58:20.493 [ INFO] main (Logger.java) - 
2017-05-12 09:58:20.494 [ INFO] main (Logger.java) - 14G84Z6M9PI5ZUUQC1PYE*L5LX
2017-05-12 09:58:20.494 [ INFO] main (Logger.java) - 
2017-05-12 09:58:20.494 [ INFO] main (Logger.java) - 99LL1X7K3*ZHMSS839ZC9Z6IVF
2017-05-12 09:58:20.494 [ INFO] main (Logger.java) - 
2017-05-12 09:58:20.494 [ INFO] main (Logger.java) - 668BDD5ZBGE8FY1B75VEUY4HEP
2017-05-12 09:58:20.494 [ INFO] main (Logger.java) - 
2017-05-12 09:58:20.495 [ INFO] main (Logger.java) - 65UKHFDRU6SDLW1MA#WQBS6EG5
2017-05-12 09:58:20.495 [ INFO] main (Logger.java) - 
2017-05-12 09:58:20.495 [ INFO] main (Logger.java) - 56A4K3MYKVVWH1G*9VDENKKY3#
2017-05-12 09:58:20.495 [ INFO] main (Logger.java) - 
2017-05-12 09:58:20.495 [ INFO] main (Logger.java) - 1B3YQC7KAFPE9LLI94SFEXJP5R
2017-05-12 09:58:20.495 [ INFO] main (Logger.java) - 
2017-05-12 09:58:20.495 [ INFO] main (Logger.java) - 92UWQJI#KWK7Y##WCYS3RP#LA1
2017-05-12 09:58:20.495 [ INFO] main (Logger.java) - 
2017-05-12 09:58:20.496 [ INFO] main (Logger.java) - 1QR5N7IBSSNFRBZYZSYEJYQLP
2017-05-12 09:58:20.496 [ INFO] main (Logger.java) - 
2017-05-12 09:58:20.496 [ INFO] main (Logger.java) - 6ENHFQDL7NSUP8U7UFCKUGKS6G
2017-05-12 09:58:20.496 [ INFO] main (Logger.java) - 
2017-05-12 09:58:20.496 [ INFO] main (Logger.java) - 29D1HEYLPQVTRXHWUHVBH7VDGF
2017-05-12 09:58:20.496 [ INFO] main (Logger.java) - 
2017-05-12 09:58:20.496 [ INFO] main (Logger.java) - 68S4TJ5RUL2MJKSUGF5284*U6J
2017-05-12 09:58:20.497 [ INFO] main (Logger.java) - 
2017-05-12 09:58:20.497 [ INFO] main (Logger.java) - 3L37QA7*S2V3TEAZUFYWAQVU8
2017-05-12 09:58:20.497 [ INFO] main (Logger.java) - 
2017-05-12 09:58:20.497 [ INFO] main (Logger.java) - 2D4DM4HEF9293X2WD4K1Z2N3XW
2017-05-12 09:58:20.497 [ INFO] main (Logger.java) - 
2017-05-12 09:58:20.497 [ INFO] main (Logger.java) - 533B*MZVFVKJYWKLX6ZQ1PL6L5
2017-05-12 09:58:20.497 [ INFO] main (Logger.java) - 
2017-05-12 09:58:20.498 [ INFO] main (Logger.java) - 96*K5AGC4*UKTA8EYZHEGHEC56
2017-05-12 09:58:20.498 [ INFO] main (Logger.java) - 
2017-05-12 09:58:20.498 [ INFO] main (Logger.java) - 253GW4LSIX9AT92GDQG2LW4DKU
2017-05-12 09:58:20.498 [ INFO] main (Logger.java) - 
2017-05-12 09:58:20.498 [ INFO] main (Logger.java) - 2E*GYP6LI46GNUZ7HI*#TBMYHL
2017-05-12 09:58:20.498 [ INFO] main (Logger.java) - 
2017-05-12 09:58:20.498 [ INFO] main (Logger.java) - 5D5N9VZL#TF4PGKA3LZ5SX587W
2017-05-12 09:58:20.499 [ INFO] main (Logger.java) - 
2017-05-12 09:58:20.499 [ INFO] main (Logger.java) - 4D8D#FIC16ALA6KGX6XCUNQ396
2017-05-12 09:58:20.499 [ INFO] main (Logger.java) - 
2017-05-12 09:58:20.499 [ INFO] main (Logger.java) - 99RUGLVN6KM3K#4EVHGCBYCX4#
2017-05-12 09:58:20.499 [ INFO] main (Logger.java) - 
2017-05-12 09:58:20.499 [ INFO] main (Logger.java) - 3DVIHBUKV8FH9A5ZCWDAI3RWDL
2017-05-12 09:58:20.499 [ INFO] main (Logger.java) - 
2017-05-12 09:58:20.500 [ INFO] main (Logger.java) - 3B7VVRGDR3YF5I1KTJB9VNICIW
2017-05-12 09:58:20.500 [ INFO] main (Logger.java) - 
2017-05-12 09:58:20.500 [ INFO] main (Logger.java) - 28AD*QKVU#7I1FVLNLQ7CCCSWP
2017-05-12 09:58:20.500 [ INFO] main (Logger.java) - 
2017-05-12 09:58:20.500 [ INFO] main (Logger.java) - 422T9XICY*9ZSJZDXTEIHA7ATZ
2017-05-12 09:58:20.500 [ INFO] main (Logger.java) - 
2017-05-12 09:58:20.500 [ INFO] main (Logger.java) - 34PXY737GSC8FPR76W#GXRHFR2
2017-05-12 09:58:20.501 [ INFO] main (Logger.java) - 
2017-05-12 09:58:20.501 [ INFO] main (Logger.java) - 5C*8C5##YXBPUB#*S8R48*351U
2017-05-12 09:58:20.501 [ INFO] main (Logger.java) - 
2017-05-12 09:58:20.501 [ INFO] main (Logger.java) - 184ZM5WYZ81DB8#PJ88LY48GWA
2017-05-12 09:58:20.502 [ INFO] main (Logger.java) - 
2017-05-12 09:58:20.502 [ INFO] main (Logger.java) - 77FIXWKEM3XLRH3V37FDXICAX#
2017-05-12 09:58:20.502 [ INFO] main (Logger.java) - 
2017-05-12 09:58:20.502 [ INFO] main (Logger.java) - 33E5#BIP2FRVH7JUE9A#JE2CV#
2017-05-12 09:58:20.502 [ INFO] main (Logger.java) - 
2017-05-12 09:58:20.502 [ INFO] main (Logger.java) - 574GM#FM3G87E4FCA*2123F*VK
2017-05-12 09:58:20.502 [ INFO] main (Logger.java) - 
2017-05-12 09:58:20.502 [ INFO] main (Logger.java) - 762GBXBQKEGXS3R9ZWGWK*QN#M
2017-05-12 09:58:20.503 [ INFO] main (Logger.java) - 
2017-05-12 09:58:20.503 [ INFO] main (Logger.java) - 19NMPJ1NJ9MBHNNQ*RRJ7Z##FV
2017-05-12 09:58:20.503 [ INFO] main (Logger.java) - 
2017-05-12 09:58:20.503 [ INFO] main (Logger.java) - 8DTJ3G9#TPCIAVC67KD7YXXF3X
2017-05-12 09:58:20.503 [ INFO] main (Logger.java) - 
2017-05-12 09:58:20.503 [ INFO] main (Logger.java) - 3A5YJA7MZCFYWGN1Q5ZYJ5XM9L
2017-05-12 09:58:20.503 [ INFO] main (Logger.java) - 
2017-05-12 09:58:20.503 [ INFO] main (Logger.java) - 6AFDST5JN8RM6HVCQA3HBBWVS7
2017-05-12 09:58:20.504 [ INFO] main (Logger.java) - 
2017-05-12 09:58:20.504 [ INFO] main (Logger.java) - 87IYXW6JCSF28WSRIVJUA#J6RI
2017-05-12 09:58:20.504 [ INFO] main (Logger.java) - 
2017-05-12 09:58:20.504 [ INFO] main (Logger.java) - 8F5Z52RP9BWRDWTNTEEVJXCVBK
2017-05-12 09:58:20.504 [ INFO] main (Logger.java) - 
2017-05-12 09:58:20.504 [ INFO] main (Logger.java) - 483DLQ38GAZM4WC8Y3*7Y#G46U
2017-05-12 09:58:20.504 [ INFO] main (Logger.java) - 
2017-05-12 09:58:20.504 [ INFO] main (Logger.java) - 1C17QR2BMJZF56DACPH2FEEGHN
2017-05-12 09:58:20.504 [ INFO] main (Logger.java) - 
2017-05-12 09:58:20.505 [ INFO] main (Logger.java) - 3F1RAF2VNGMLMXMMC8MSADJHEC
2017-05-12 09:58:20.505 [ INFO] main (Logger.java) - 
2017-05-12 09:58:20.505 [ INFO] main (Logger.java) - 25*99DV3K8NGJZYWD3*#RTJ8B#
2017-05-12 09:58:20.505 [ INFO] main (Logger.java) - 
2017-05-12 09:58:20.505 [ INFO] main (Logger.java) - 75JVT7YQK7F974L5VD78KKF12T
2017-05-12 09:58:20.505 [ INFO] main (Logger.java) - 
2017-05-12 09:58:20.505 [ INFO] main (Logger.java) - 3*#G46RR11DBYWD98JXRN8K2I
2017-05-12 09:58:20.505 [ INFO] main (Logger.java) - 
2017-05-12 09:58:20.506 [ INFO] main (Logger.java) - 97874ATNLGIUXH7247LPIPUPUK
2017-05-12 09:58:20.506 [ INFO] main (Logger.java) - 
2017-05-12 09:58:20.506 [ INFO] main (Logger.java) - 1FT#PHV6JEDQIWL1D9PFVTJ*TY
2017-05-12 09:58:20.506 [ INFO] main (Logger.java) - 
2017-05-12 09:58:20.506 [ INFO] main (Logger.java) - 6FDPA5X7C*6632SADU*5A54FCI
2017-05-12 09:58:20.506 [ INFO] main (Logger.java) - 
2017-05-12 09:58:20.506 [ INFO] main (Logger.java) - 4EFEMDE4XBYR*#BC6BXX7UD5K6
2017-05-12 09:58:20.507 [ INFO] main (Logger.java) - 
2017-05-12 09:58:20.507 [ INFO] main (Logger.java) - 7E*6A9UJ#413H9Q95#XWDVNR3J
2017-05-12 09:58:20.507 [ INFO] main (Logger.java) - 
2017-05-12 09:58:20.507 [ INFO] main (Logger.java) - 6FV4XXZH1C3I#CTD*J6249ERU3
2017-05-12 09:58:20.507 [ INFO] main (Logger.java) - 
2017-05-12 09:58:20.507 [ INFO] main (Logger.java) - 89K#NPFY84UV9KKHLJ8ZM699ZX
2017-05-12 09:58:20.507 [ INFO] main (Logger.java) - 
2017-05-12 09:58:20.507 [ INFO] main (Logger.java) - 97YM2I*IPHMN*YTBGN589S7JL
2017-05-12 09:58:20.508 [ INFO] main (Logger.java) - 
2017-05-12 09:58:20.508 [ INFO] main (Logger.java) - 78EHCUL*EZJN9ZDBF6MNL8N5W4
2017-05-12 09:58:20.508 [ INFO] main (Logger.java) - 
2017-05-12 09:58:20.508 [ INFO] main (Logger.java) - 33#I3B2J7Y5J4TEMS6KG1CILRU
2017-05-12 09:58:20.508 [ INFO] main (Logger.java) - 
2017-05-12 09:58:20.508 [ INFO] main (Logger.java) - 1AM93Q94PY9QSN6AVDBBQ92SPR
2017-05-12 09:58:20.508 [ INFO] main (Logger.java) - 
2017-05-12 09:58:20.509 [ INFO] main (Logger.java) - 52G9#KB7U1X9#BZ98#UI3V9G8M
2017-05-12 09:58:20.509 [ INFO] main (Logger.java) - 
2017-05-12 09:58:20.509 [ INFO] main (Logger.java) - 3C9T2GBQW9P*RKW2MMX1LW#4C*
2017-05-12 09:58:20.509 [ INFO] main (Logger.java) - 
2017-05-12 09:58:20.510 [ INFO] main (Logger.java) - 9FK2FUVK7UVGGYZTK9C2VEF*WS
2017-05-12 09:58:20.510 [ INFO] main (Logger.java) - 
2017-05-12 09:58:20.510 [ INFO] main (Logger.java) - 1F95ZJ2IX#K6R5EZS#C#QW48WQ
2017-05-12 09:58:20.510 [ INFO] main (Logger.java) - 
2017-05-12 09:58:20.510 [ INFO] main (Logger.java) - 394#3T#AI1DZK87UC76EEZDZ8N
2017-05-12 09:58:20.510 [ INFO] main (Logger.java) - 
2017-05-12 09:58:20.510 [ INFO] main (Logger.java) - 2CTG3FJC2BC7T347DPYZNEM*LQ
2017-05-12 09:58:20.510 [ INFO] main (Logger.java) - 
2017-05-12 09:58:20.511 [ INFO] main (Logger.java) - 27U72DI4TFLZPTUR32D1RD4ED9
2017-05-12 09:58:20.511 [ INFO] main (Logger.java) - 
2017-05-12 09:58:20.511 [ INFO] main (Logger.java) - 534PY2S*3SGTIRMEJ75KTHFPAR
2017-05-12 09:58:20.511 [ INFO] main (Logger.java) - 
2017-05-12 09:58:20.511 [ INFO] main (Logger.java) - 5C1BUBVDX2LIPLGHHMQRXNCPRR
2017-05-12 09:58:20.511 [ INFO] main (Logger.java) - 
2017-05-12 09:58:20.511 [ INFO] main (Logger.java) - 13IVKNAJZT3*YX3U7M6JCBLIE8
2017-05-12 09:58:20.511 [ INFO] main (Logger.java) - 
2017-05-12 09:58:20.512 [ INFO] main (Logger.java) - 8L3TC*W26*GWVPA4PNJTP4LS7
2017-05-12 09:58:20.512 [ INFO] main (Logger.java) - 
2017-05-12 09:58:20.512 [ INFO] main (Logger.java) - 3B4MDJMI*DVZ4IEN1I6HWENP8T
2017-05-12 09:58:20.512 [ INFO] main (Logger.java) - 
2017-05-12 09:58:20.512 [ INFO] main (Logger.java) - 1EWGVP6JHAB7IKEHYD4VTGSJ2J
2017-05-12 09:58:20.512 [ INFO] main (Logger.java) - 
2017-05-12 09:58:20.512 [ INFO] main (Logger.java) - 2DZ9F7ELWDJG1HBBPBGC6*A5U3
2017-05-12 09:58:20.512 [ INFO] main (Logger.java) - 
2017-05-12 09:58:20.513 [ INFO] main (Logger.java) - 58IXL631FPB6SEKLEMN3MLJH53
2017-05-12 09:58:20.513 [ INFO] main (Logger.java) - 
2017-05-12 09:58:20.513 [ INFO] main (Logger.java) - 97YV1GXBJT1#2ZJRZ7DQX*GFDR
2017-05-12 09:58:20.513 [ INFO] main (Logger.java) - 
2017-05-12 09:58:20.513 [ INFO] main (Logger.java) - 142XB4YGD7DJ8UF7ULUN5BFHES
2017-05-12 09:58:20.513 [ INFO] main (Logger.java) - 
2017-05-12 09:58:20.513 [ INFO] main (Logger.java) - 4FAJW4EAZRN4KZNE1W6LE#DN5A
2017-05-12 09:58:20.513 [ INFO] main (Logger.java) - 
2017-05-12 09:58:20.514 [ INFO] main (Logger.java) - 1ABDSFQHTD3L171ZRKHSJ#2PAQ
2017-05-12 09:58:20.514 [ INFO] main (Logger.java) - 
2017-05-12 09:58:20.514 [ INFO] main (Logger.java) - 34PDS3Q*EE*R7DNDWJP3M7DBX8
2017-05-12 09:58:20.514 [ INFO] main (Logger.java) - 
2017-05-12 09:58:20.514 [ INFO] main (Logger.java) - 36MU6XN1CMUEXVFSZGAEZ*S#L8
2017-05-12 09:58:20.514 [ INFO] main (Logger.java) - 
2017-05-12 09:58:20.514 [ INFO] main (Logger.java) - 33N6K4I#UM*G31*7AFQY#*GI#X
2017-05-12 09:58:20.514 [ INFO] main (Logger.java) - 
2017-05-12 09:58:20.515 [ INFO] main (Logger.java) - 4ECJLUSG#ME5BXFKUPM9JFYYIG
2017-05-12 09:58:20.515 [ INFO] main (Logger.java) - 
2017-05-12 09:58:20.515 [ INFO] main (Logger.java) - 8ARFR7*8N65I*27N1GCKSLZWUQ
2017-05-12 09:58:20.515 [ INFO] main (Logger.java) - 
2017-05-12 09:58:20.515 [ INFO] main (Logger.java) - 844EPBGGTSWTE4VZ95LLKPR4G5
2017-05-12 09:58:20.515 [ INFO] main (Logger.java) - 
2017-05-12 09:58:20.515 [ INFO] main (Logger.java) - 96S5X1KE*BFHCXNDMJYWR76G21
2017-05-12 09:58:20.515 [ INFO] main (Logger.java) - 
2017-05-12 09:58:20.515 [ INFO] main (Logger.java) - 48JX6FKBSF5DUGKZSAM51FKA7C
2017-05-12 09:58:20.516 [ INFO] main (Logger.java) - 
2017-05-12 09:58:20.516 [ INFO] main (Logger.java) - 8B581U4VPS3VS6LE5HK3*QRZSX
2017-05-12 09:58:20.516 [ INFO] main (Logger.java) - 
2017-05-12 09:58:20.516 [ INFO] main (Logger.java) - 3EMZXP1DX#7U1GSK3I*9*RTDP5
2017-05-12 09:58:20.516 [ INFO] main (Logger.java) - 
2017-05-12 09:58:20.516 [ INFO] main (Logger.java) - 68F8AX9XFWT91#1NCP4ZTRRGIU
2017-05-12 09:58:20.516 [ INFO] main (Logger.java) - 
2017-05-12 09:58:20.517 [ INFO] main (Logger.java) - 3Z4ZBINYKL77TDFFERY6DLJPX
2017-05-12 09:58:20.517 [ INFO] main (Logger.java) - 
2017-05-12 09:58:20.517 [ INFO] main (Logger.java) - 88*6NGPLK7EL2GN8*84DEM3*RB
2017-05-12 09:58:20.517 [ INFO] main (Logger.java) - 
2017-05-12 09:58:20.517 [ INFO] main (Logger.java) - 47SS6VQ6TEM91RWWGG5QQX74UQ
2017-05-12 09:58:20.517 [ INFO] main (Logger.java) - 
2017-05-12 09:58:20.518 [ INFO] main (Logger.java) - 9CTSAP2CG3X9*GSDA3B4KEUE7*
2017-05-12 09:58:20.518 [ INFO] main (Logger.java) - 
2017-05-12 09:58:20.518 [ INFO] main (Logger.java) - 33S*W1H1I8ABE79BVLIBSXVQTG
2017-05-12 09:58:20.518 [ INFO] main (Logger.java) - 
2017-05-12 09:58:20.518 [ INFO] main (Logger.java) - 4FCZTFCTZ#VZTSMX4YGC8DBJ9Y
2017-05-12 09:58:20.518 [ INFO] main (Logger.java) - 
2017-05-12 09:58:20.518 [ INFO] main (Logger.java) - 39V9A9EC4B4HIFJN9GMC*1V2AJ
2017-05-12 09:58:20.518 [ INFO] main (Logger.java) - 
2017-05-12 09:58:20.518 [ INFO] main (Logger.java) - 36SXIWYR*SB2BQI3QY39F2K947
2017-05-12 09:58:20.518 [ INFO] main (Logger.java) - 
2017-05-12 09:58:20.519 [ INFO] main (Logger.java) - 869H*WASZXY7ZWS#FVTG6M98TV
2017-05-12 09:58:20.519 [ INFO] main (Logger.java) - 
2017-05-12 09:58:20.519 [ INFO] main (Logger.java) - 4D9#7LQN2X1H6*JBC6P9ZKGK36
2017-05-12 09:58:20.519 [ INFO] main (Logger.java) - 
2017-05-12 09:58:20.519 [ INFO] main (Logger.java) - 25JZN589U3SNKNQ1CRFN*X4VIC
2017-05-12 09:58:20.519 [ INFO] main (Logger.java) - 
2017-05-12 09:58:20.519 [ INFO] main (Logger.java) - 32YC*R646*N53QC7T9MN26TAF2
2017-05-12 09:58:20.519 [ INFO] main (Logger.java) - 
2017-05-12 09:58:20.519 [ INFO] main (Logger.java) - 1CJNPIBJ1EA*9CMV2T6NUS4HP9
2017-05-12 09:58:20.519 [ INFO] main (Logger.java) - 
2017-05-12 09:58:20.520 [ INFO] main (Logger.java) - 5C*QBU8W1SJ*SQXN5YJDIXTECB
2017-05-12 09:58:20.520 [ INFO] main (Logger.java) - 
2017-05-12 09:58:20.520 [ INFO] main (Logger.java) - 4656JGN97ASB2DMG5U#8KA718K
2017-05-12 09:58:20.520 [ INFO] main (Logger.java) - 
2017-05-12 09:58:20.520 [ INFO] main (Logger.java) - 6BE8BBP1LMZEFS6UVWIMIGNRLN
2017-05-12 09:58:20.520 [ INFO] main (Logger.java) - 
2017-05-12 09:58:20.520 [ INFO] main (Logger.java) - 3DTA##7IEVWRU1LFZ#C#QUHW8T
2017-05-12 09:58:20.520 [ INFO] main (Logger.java) - 
2017-05-12 09:58:20.520 [ INFO] main (Logger.java) - 22LC#ITKZI7447TBN3WBXFDVI5
2017-05-12 09:58:20.520 [ INFO] main (Logger.java) - 
2017-05-12 09:58:20.521 [ INFO] main (Logger.java) - 3FA76W1HI*5XMLZXZHPK*JXJ*F
2017-05-12 09:58:20.521 [ INFO] main (Logger.java) - 
2017-05-12 09:58:20.521 [ INFO] main (Logger.java) - 8G448FQSN7KC#E#J2H1EIL2ZTM
2017-05-12 09:58:20.521 [ INFO] main (Logger.java) - 
2017-05-12 09:58:20.521 [ INFO] main (Logger.java) - 385CW3XF7D42DJP6PNFBK1BQ1R
2017-05-12 09:58:20.521 [ INFO] main (Logger.java) - 
2017-05-12 09:58:20.521 [ INFO] main (Logger.java) - 55VFS19WX8KJTR5*EI17QUWQW3
2017-05-12 09:58:20.521 [ INFO] main (Logger.java) - 
2017-05-12 09:58:20.521 [ INFO] main (Logger.java) - 25WGLCEUEI68TDZI3K1WVL3SAS
2017-05-12 09:58:20.521 [ INFO] main (Logger.java) - 
2017-05-12 09:58:20.522 [ INFO] main (Logger.java) - 7BZYBGU2W2G1JDJWEXFIR4KW51
2017-05-12 09:58:20.522 [ INFO] main (Logger.java) - 
2017-05-12 09:58:20.522 [ INFO] main (Logger.java) - 5938QYUV#N5B3KIHY4NR7EGBAS
2017-05-12 09:58:20.522 [ INFO] main (Logger.java) - 
2017-05-12 09:58:20.522 [ INFO] main (Logger.java) - 5AAJ2#MPQDCRRK4TUJTU1*#2NL
2017-05-12 09:58:20.522 [ INFO] main (Logger.java) - 
2017-05-12 09:58:20.522 [ INFO] main (Logger.java) - 92I#*V3PZQ5I6D5YS1WEBBPHB6
2017-05-12 09:58:20.522 [ INFO] main (Logger.java) - 
2017-05-12 09:58:20.522 [ INFO] main (Logger.java) - 33LIEQC159S#TEKU#*UQUPWWGW
2017-05-12 09:58:20.522 [ INFO] main (Logger.java) - 
2017-05-12 09:58:20.523 [ INFO] main (Logger.java) - 16C#EWHC*4RTVX7Z6BC#YN*V59
2017-05-12 09:58:20.523 [ INFO] main (Logger.java) - 
2017-05-12 09:58:20.523 [ INFO] main (Logger.java) - 2ASF5SMS8IBRPDHNGRGWKLCHVR
2017-05-12 09:58:20.523 [ INFO] main (Logger.java) - 
2017-05-12 09:58:20.523 [ INFO] main (Logger.java) - 17T6JZDU*VYCVQDTZ5BLVTZBV8
2017-05-12 09:58:20.523 [ INFO] main (Logger.java) - 
2017-05-12 09:58:20.524 [ INFO] main (Logger.java) - 32JP#2CCWET6A5K4B9G3I3E6KE
2017-05-12 09:58:20.524 [ INFO] main (Logger.java) - 
2017-05-12 09:58:20.524 [ INFO] main (Logger.java) - 7DI*E1YNF1L*KKKGKJZ75PP#3#
2017-05-12 09:58:20.524 [ INFO] main (Logger.java) - 
2017-05-12 09:58:20.524 [ INFO] main (Logger.java) - 9FZW76JVTVH64LDQXVS#8UUB1C
2017-05-12 09:58:20.524 [ INFO] main (Logger.java) - 
2017-05-12 09:58:20.524 [ INFO] main (Logger.java) - 1FWJ5M2#S6NLRJ*7EKALL2EKAS
2017-05-12 09:58:20.524 [ INFO] main (Logger.java) - 
2017-05-12 09:58:20.524 [ INFO] main (Logger.java) - 9328FEA9YNCL24J5U9I6ECT##V
2017-05-12 09:58:20.524 [ INFO] main (Logger.java) - 
2017-05-12 09:58:20.525 [ INFO] main (Logger.java) - 694DKHC2#GV31QVU2KTV9S31S7
2017-05-12 09:58:20.525 [ INFO] main (Logger.java) - 
2017-05-12 09:58:20.525 [ INFO] main (Logger.java) - 35MZN2342SJ*BATR953VVDCZTT
2017-05-12 09:58:20.525 [ INFO] main (Logger.java) - 
2017-05-12 09:58:20.525 [ INFO] main (Logger.java) - 2ABHWM87PW51TTTC2RWIAW8*1H
2017-05-12 09:58:20.525 [ INFO] main (Logger.java) - 
2017-05-12 09:58:20.525 [ INFO] main (Logger.java) - 35JXY23F8ZIZC7UG37L*BD78#T
2017-05-12 09:58:20.525 [ INFO] main (Logger.java) - 
2017-05-12 09:58:20.525 [ INFO] main (Logger.java) - 4CHJ2VL37WKY5539CE8*ASDJ3Z
2017-05-12 09:58:20.525 [ INFO] main (Logger.java) - 
2017-05-12 09:58:20.526 [ INFO] main (Logger.java) - 79TY71RU1F66DB#9NXPK4TIK8N
2017-05-12 09:58:20.526 [ INFO] main (Logger.java) - 
2017-05-12 09:58:20.526 [ INFO] main (Logger.java) - 823BNUV6VT*ZS4B33STHCBY2VK
2017-05-12 09:58:20.526 [ INFO] main (Logger.java) - 
2017-05-12 09:58:20.526 [ INFO] main (Logger.java) - 7FI*VUF5EFZBT5AUV2SIDM4G#R
2017-05-12 09:58:20.526 [ INFO] main (Logger.java) - 
2017-05-12 09:58:20.526 [ INFO] main (Logger.java) - 33*1KL#MRM266EAHNKL2SRW5GW
2017-05-12 09:58:20.526 [ INFO] main (Logger.java) - 
2017-05-12 09:58:20.526 [ INFO] main (Logger.java) - 32265#*3UIY3HSG6B4G#LWZM*#
2017-05-12 09:58:20.527 [ INFO] main (Logger.java) - 
2017-05-12 09:58:20.527 [ INFO] main (Logger.java) - 683SQWQE4FBMNUM1H1RIZ5CPZY
2017-05-12 09:58:20.527 [ INFO] main (Logger.java) - 
2017-05-12 09:58:20.527 [ INFO] main (Logger.java) - 62N1LLHH*TM1Z8F65PEQ33RESJ
2017-05-12 09:58:20.527 [ INFO] main (Logger.java) - 
2017-05-12 09:58:20.527 [ INFO] main (Logger.java) - 15BXHH7B9YUGC8QX1P8ZWCNU48
2017-05-12 09:58:20.527 [ INFO] main (Logger.java) - 
2017-05-12 09:58:20.527 [ INFO] main (Logger.java) - 62D911E7KA8ICL4SM5RW4JLXSM
2017-05-12 09:58:20.527 [ INFO] main (Logger.java) - 
2017-05-12 09:58:20.527 [ INFO] main (Logger.java) - 53V*2R1LLX*HBFY5BVFRVJWK#4
2017-05-12 09:58:20.528 [ INFO] main (Logger.java) - 
2017-05-12 09:58:20.528 [ INFO] main (Logger.java) - 3D6UXWH1Q8WVHYIL5E24TF*CA8
2017-05-12 09:58:20.528 [ INFO] main (Logger.java) - 
2017-05-12 09:58:20.528 [ INFO] main (Logger.java) - 4EYEVRZQSB#FP*#YIQ1W5#K##Y
2017-05-12 09:58:20.528 [ INFO] main (Logger.java) - 
2017-05-12 09:58:20.528 [ INFO] main (Logger.java) - 33RZRIP*QH#ZH2IEADC3FCTDNZ
2017-05-12 09:58:20.528 [ INFO] main (Logger.java) - 
2017-05-12 09:58:20.528 [ INFO] main (Logger.java) - 3DNWKP#7KNN#2INQFC*IIGH2A1
2017-05-12 09:58:20.528 [ INFO] main (Logger.java) - 
2017-05-12 09:58:20.528 [ INFO] main (Logger.java) - 8C*4V9QDZ2*ARHC*W4BT3QK8J
2017-05-12 09:58:20.529 [ INFO] main (Logger.java) - 
2017-05-12 09:58:20.529 [ INFO] main (Logger.java) - 18R*SEKMFFEE9ZG33SFRM785NY
2017-05-12 09:58:20.529 [ INFO] main (Logger.java) - 
2017-05-12 09:58:20.529 [ INFO] main (Logger.java) - 3C2QI4#KB#N1EU9CC92KN3KH1Q
2017-05-12 09:58:20.529 [ INFO] main (Logger.java) - 
2017-05-12 09:58:20.529 [ INFO] main (Logger.java) - 1G2*UIDY948558VLK9*1KU1WNJ
2017-05-12 09:58:20.529 [ INFO] main (Logger.java) - 
2017-05-12 09:58:20.530 [ INFO] main (Logger.java) - 93GUBYXZJ7BQG*Y#9S#9IWIG6#
2017-05-12 09:58:20.530 [ INFO] main (Logger.java) - 
2017-05-12 09:58:20.530 [ INFO] main (Logger.java) - 3CCJB97WXTLWH3DRH*JUPHSR4D
2017-05-12 09:58:20.530 [ INFO] main (Logger.java) - 
2017-05-12 09:58:20.530 [ INFO] main (Logger.java) - 82SFSME4M1KTTCB5279H8HPC#3
2017-05-12 09:58:20.530 [ INFO] main (Logger.java) - 
2017-05-12 09:58:20.530 [ INFO] main (Logger.java) - 3E2KSGVYWGN6WMF5*L2Z7VYXU8
2017-05-12 09:58:20.530 [ INFO] main (Logger.java) - 
2017-05-12 09:58:20.531 [ INFO] main (Logger.java) - 32MHT8UPBL#1S5NYUHEQ6Y*H33
2017-05-12 09:58:20.531 [ INFO] main (Logger.java) - 
2017-05-12 09:58:20.531 [ INFO] main (Logger.java) - 7BYHAREKM36DXW#DKSPPG72RAK
2017-05-12 09:58:20.531 [ INFO] main (Logger.java) - 
2017-05-12 09:58:20.531 [ INFO] main (Logger.java) - 52ALR2I1#N9YUT*4GF14H#6E64
2017-05-12 09:58:20.531 [ INFO] main (Logger.java) - 
2017-05-12 09:58:20.531 [ INFO] main (Logger.java) - 7C52HCE*487NPXUPABC6J6BDN1
2017-05-12 09:58:20.531 [ INFO] main (Logger.java) - 
2017-05-12 09:58:20.531 [ INFO] main (Logger.java) - 5EV*NYQS1P29F3MCHX6D7XQFK4
2017-05-12 09:58:20.531 [ INFO] main (Logger.java) - 
2017-05-12 09:58:20.532 [ INFO] main (Logger.java) - 39EZ1B22J4EMGPJKNB2#K9G7KT
2017-05-12 09:58:20.532 [ INFO] main (Logger.java) - 
2017-05-12 09:58:20.532 [ INFO] main (Logger.java) - 582GG9GBY*X3F#1#A*GB28KQSJ
2017-05-12 09:58:20.532 [ INFO] main (Logger.java) - 
2017-05-12 09:58:20.532 [ INFO] main (Logger.java) - 93GGELMR88HS99YPZYWW6C*2#Z
2017-05-12 09:58:20.532 [ INFO] main (Logger.java) - 
2017-05-12 09:58:20.532 [ INFO] main (Logger.java) - 3JQ6V7*YF4Q1E42GL9ZVATHTS
2017-05-12 09:58:20.532 [ INFO] main (Logger.java) - 
2017-05-12 09:58:20.532 [ INFO] main (Logger.java) - 5FKCEJR33#M9LTDJCWG11HZWQD
2017-05-12 09:58:20.532 [ INFO] main (Logger.java) - 
2017-05-12 09:58:20.533 [ INFO] main (Logger.java) - 354FTFW#WX9B5XES2QJ1PNBXKU
2017-05-12 09:58:20.533 [ INFO] main (Logger.java) - 
2017-05-12 09:58:20.533 [ INFO] main (Logger.java) - 3RYNUSMTYZW3UY5FL*LEU81TB
2017-05-12 09:58:20.533 [ INFO] main (Logger.java) - 
2017-05-12 09:58:20.533 [ INFO] main (Logger.java) - 47PW3#2EMTMM*DVIU1*D#V8Y8Z
2017-05-12 09:58:20.533 [ INFO] main (Logger.java) - 
2017-05-12 09:58:20.533 [ INFO] main (Logger.java) - 2RLRIVV2UZ7YQW5T8I4B3BRTN
2017-05-12 09:58:20.533 [ INFO] main (Logger.java) - 
2017-05-12 09:58:20.533 [ INFO] main (Logger.java) - 524655WP*538K6B3I8HZ2P9UC2
2017-05-12 09:58:20.533 [ INFO] main (Logger.java) - 
2017-05-12 09:58:20.534 [ INFO] main (Logger.java) - 9*VEXD3#89GPPQEHVBVE36M*U
2017-05-12 09:58:20.534 [ INFO] main (Logger.java) - 
2017-05-12 09:58:20.534 [ INFO] main (Logger.java) - 948TYTR#5SRT7M4SMPB9DNXSCK
2017-05-12 09:58:20.534 [ INFO] main (Logger.java) - 
2017-05-12 09:58:20.534 [ INFO] main (Logger.java) - 48HW9VD1A2NNBDBPLSVMP1SR6U
2017-05-12 09:58:20.534 [ INFO] main (Logger.java) - 
2017-05-12 09:58:20.534 [ INFO] main (Logger.java) - 68XNR9TEWQQW4UNDGXZDB7QTAL
2017-05-12 09:58:20.534 [ INFO] main (Logger.java) - 
2017-05-12 09:58:20.535 [ INFO] main (Logger.java) - 36*Q877U3VDAJ9EWC#5DSZZLL5
2017-05-12 09:58:20.535 [ INFO] main (Logger.java) - 
2017-05-12 09:58:20.535 [ INFO] main (Logger.java) - 9FX*XBKF9UZZYW5*5FX9E5VDAF
2017-05-12 09:58:20.535 [ INFO] main (Logger.java) - 
2017-05-12 09:58:20.535 [ INFO] main (Logger.java) - 7A15ZKGR92RK#WM95NSMLJ9BQM
2017-05-12 09:58:20.535 [ INFO] main (Logger.java) - 
2017-05-12 09:58:20.535 [ INFO] main (Logger.java) - 34359HBK76*9EJJPVCP7BXLQ5N
2017-05-12 09:58:20.535 [ INFO] main (Logger.java) - 
2017-05-12 09:58:20.536 [ INFO] main (Logger.java) - 1Q9EHKW*M4AV6#UKHXF1Q5TPY
2017-05-12 09:58:20.536 [ INFO] main (Logger.java) - 
2017-05-12 09:58:20.536 [ INFO] main (Logger.java) - 96IDP76ZUQ#KZ9*X3LAK3GB3N*
2017-05-12 09:58:20.536 [ INFO] main (Logger.java) - 
2017-05-12 09:58:20.536 [ INFO] main (Logger.java) - 37R5IGY*LK62GPE21SZ1LP18L2
2017-05-12 09:58:20.537 [ INFO] main (Logger.java) - 
2017-05-12 09:58:20.537 [ INFO] main (Logger.java) - 77JEYVMCHW36JRG1U6PNVSAWF5
2017-05-12 09:58:20.537 [ INFO] main (Logger.java) - 
2017-05-12 09:58:20.537 [ INFO] main (Logger.java) - 98V8CY5LJF3U4Z*E#S84D92#QY
2017-05-12 09:58:20.537 [ INFO] main (Logger.java) - 
2017-05-12 09:58:20.537 [ INFO] main (Logger.java) - 2DKKLJZVV3ZL9UU5NC5ETRPENG
2017-05-12 09:58:20.537 [ INFO] main (Logger.java) - 
2017-05-12 09:58:20.537 [ INFO] main (Logger.java) - 222K3MKN4W*DV4EU5QP7VIBIQW
2017-05-12 09:58:20.537 [ INFO] main (Logger.java) - 
2017-05-12 09:58:20.538 [ INFO] main (Logger.java) - 53BG7P2RT8V4SZ#8VU1W8JHV81
2017-05-12 09:58:20.538 [ INFO] main (Logger.java) - 
2017-05-12 09:58:20.538 [ INFO] main (Logger.java) - 6851GMR69228FR19L93MVLHQXU
2017-05-12 09:58:20.538 [ INFO] main (Logger.java) - 
2017-05-12 09:58:20.538 [ INFO] main (Logger.java) - 62T2TS5MKFXJLIYFQRWYHCNSD7
2017-05-12 09:58:20.538 [ INFO] main (Logger.java) - 
2017-05-12 09:58:20.538 [ INFO] main (Logger.java) - 95PH*HJLZTJ66QIBYBIM8195RI
2017-05-12 09:58:20.538 [ INFO] main (Logger.java) - 
2017-05-12 09:58:20.538 [ INFO] main (Logger.java) - 82SHYRPZQ5BA5HYZ1SW*9D#NPE
2017-05-12 09:58:20.538 [ INFO] main (Logger.java) - 
2017-05-12 09:58:20.538 [ INFO] main (Logger.java) - 57CGUQL9QQZBYEZN5V7DUFTUS#
2017-05-12 09:58:20.539 [ INFO] main (Logger.java) - 
2017-05-12 09:58:20.539 [ INFO] main (Logger.java) - 45UWS6YP14#LXIHKR*33F6VNVZ
2017-05-12 09:58:20.539 [ INFO] main (Logger.java) - 
2017-05-12 09:58:20.539 [ INFO] main (Logger.java) - 54IHH2Z2FYEKYVSSMUHQ17J1QY
2017-05-12 09:58:20.539 [ INFO] main (Logger.java) - 
2017-05-12 09:58:20.539 [ INFO] main (Logger.java) - 8BILMDDTIWTJS3NFKMAXR#9M41
2017-05-12 09:58:20.539 [ INFO] main (Logger.java) - 
2017-05-12 09:58:20.539 [ INFO] main (Logger.java) - 15UP3GUGE9RZFXT1GI12W5#M5Q
2017-05-12 09:58:20.539 [ INFO] main (Logger.java) - 
2017-05-12 09:58:20.539 [ INFO] main (Logger.java) - 13SXWC3FBGJWLEBJYNFWKDSYAZ
2017-05-12 09:58:20.539 [ INFO] main (Logger.java) - 
2017-05-12 09:58:20.540 [ INFO] main (Logger.java) - 7EVC52#Z45V2VL6GA1SVCEGB1W
2017-05-12 09:58:20.540 [ INFO] main (Logger.java) - 
2017-05-12 09:58:20.540 [ INFO] main (Logger.java) - 18S2GX397AVQMXNYKR8DCBSV31
2017-05-12 09:58:20.540 [ INFO] main (Logger.java) - 
2017-05-12 09:58:20.540 [ INFO] main (Logger.java) - 7EZNAHINF19BLMJSU2FK#PX9C2
2017-05-12 09:58:20.540 [ INFO] main (Logger.java) - 
2017-05-12 09:58:20.540 [ INFO] main (Logger.java) - 4CU7X2UAUT42M7*88YTBKCK4GD
2017-05-12 09:58:20.540 [ INFO] main (Logger.java) - 
2017-05-12 09:58:20.540 [ INFO] main (Logger.java) - 4AWMSLC2#D*KAFIV9EHVY3G2U6
2017-05-12 09:58:20.540 [ INFO] main (Logger.java) - 
2017-05-12 09:58:20.540 [ INFO] main (Logger.java) - 9FR33PRGRZP88S8PSU457J2EBK
2017-05-12 09:58:20.541 [ INFO] main (Logger.java) - 
2017-05-12 09:58:20.541 [ INFO] main (Logger.java) - 4EKSE8VIZ952#5B1W9LLA8AAMN
2017-05-12 09:58:20.541 [ INFO] main (Logger.java) - 
2017-05-12 09:58:20.541 [ INFO] main (Logger.java) - 4CCM7AY2P#9ILP*C#3F2263LE4
2017-05-12 09:58:20.541 [ INFO] main (Logger.java) - 
2017-05-12 09:58:20.541 [ INFO] main (Logger.java) - 18ZZL7NWYLXZI#QX9R*TH7XP2B
2017-05-12 09:58:20.541 [ INFO] main (Logger.java) - 
2017-05-12 09:58:20.541 [ INFO] main (Logger.java) - 87R7JT1Z581#2FVPZUUYWBK*VZ
2017-05-12 09:58:20.541 [ INFO] main (Logger.java) - 
2017-05-12 09:58:20.541 [ INFO] main (Logger.java) - 893UK4V5HN86VJMIC1BFWX2G9P
2017-05-12 09:58:20.541 [ INFO] main (Logger.java) - 
2017-05-12 09:58:20.542 [ INFO] main (Logger.java) - 47A41JVMTTMDSR8M366662LBDJ
2017-05-12 09:58:20.542 [ INFO] main (Logger.java) - 
2017-05-12 09:58:20.542 [ INFO] main (Logger.java) - 35DHEXACJ*4HNHZ*#W#1F*H67X
2017-05-12 09:58:20.542 [ INFO] main (Logger.java) - 
2017-05-12 09:58:20.547 [ INFO] main (Logger.java) - 33R4F8E*H188V3##U9HL#ML3LG
2017-05-12 09:58:20.547 [ INFO] main (Logger.java) - 
2017-05-12 09:58:20.547 [ INFO] main (Logger.java) - 4BU88LW5IYHVAFQY5IWK9ZTFXR
2017-05-12 09:58:20.547 [ INFO] main (Logger.java) - 
2017-05-12 09:58:20.547 [ INFO] main (Logger.java) - 33*L1B37#VG2R6JZ2WIG7Q4HSK
2017-05-12 09:58:20.547 [ INFO] main (Logger.java) - 
2017-05-12 09:58:20.547 [ INFO] main (Logger.java) - 1BLL4TL8PAN3PWW3PQV116XPCN
2017-05-12 09:58:20.547 [ INFO] main (Logger.java) - 
2017-05-12 09:58:20.548 [ INFO] main (Logger.java) - 3FA27I74K45631M79REA48KA3I
2017-05-12 09:58:20.548 [ INFO] main (Logger.java) - 
2017-05-12 09:58:20.548 [ INFO] main (Logger.java) - 947RVA7MGV6ABSPC28YG2HZ5C8
2017-05-12 09:58:20.548 [ INFO] main (Logger.java) - 
2017-05-12 09:58:20.548 [ INFO] main (Logger.java) - 571YBK#5142SLBPEKEYBZCFSM6
2017-05-12 09:58:20.548 [ INFO] main (Logger.java) - 
2017-05-12 09:58:20.548 [ INFO] main (Logger.java) - 1FRFIKZBY9Z4297HWFIQI4R824
2017-05-12 09:58:20.548 [ INFO] main (Logger.java) - 
2017-05-12 09:58:20.548 [ INFO] main (Logger.java) - 3DBK1MKV9VCW9935*EI31HS2T4
2017-05-12 09:58:20.548 [ INFO] main (Logger.java) - 
2017-05-12 09:58:20.548 [ INFO] main (Logger.java) - 36YZK7MJ8UZ#PKXX1TMRZ34V2U
2017-05-12 09:58:20.549 [ INFO] main (Logger.java) - 
2017-05-12 09:58:20.549 [ INFO] main (Logger.java) - 7UFNARB9RB4S5R5MD2QJVYA7P
2017-05-12 09:58:20.549 [ INFO] main (Logger.java) - 
2017-05-12 09:58:20.549 [ INFO] main (Logger.java) - 2I#KM8ZDZ8WEJ7765M3CFQA5K
2017-05-12 09:58:20.549 [ INFO] main (Logger.java) - 
2017-05-12 09:58:20.549 [ INFO] main (Logger.java) - 351G3J7JH2CCVCC2KXN85YGAHB
2017-05-12 09:58:20.549 [ INFO] main (Logger.java) - 
2017-05-12 09:58:20.549 [ INFO] main (Logger.java) - 7FJ#J5BTTAYLMWEW8BJU5B36DX
2017-05-12 09:58:20.549 [ INFO] main (Logger.java) - 
2017-05-12 09:58:20.550 [ INFO] main (Logger.java) - 33BYQ7IB14R78PWAEDVU*FUY6W
2017-05-12 09:58:20.550 [ INFO] main (Logger.java) - 
2017-05-12 09:58:20.550 [ INFO] main (Logger.java) - 46HSKUMCX#BWVD593V6AWSQZM2
2017-05-12 09:58:20.550 [ INFO] main (Logger.java) - 
2017-05-12 09:58:20.550 [ INFO] main (Logger.java) - 4ETXI6NM9UR*DK2SYC87RGZ7T4
2017-05-12 09:58:20.550 [ INFO] main (Logger.java) - 
2017-05-12 09:58:20.550 [ INFO] main (Logger.java) - 5DZ8KU28AKE11FJGK68N4X2*CE
2017-05-12 09:58:20.550 [ INFO] main (Logger.java) - 
2017-05-12 09:58:20.550 [ INFO] main (Logger.java) - 9EYNZ5MY869B6T16DNIKREZ3J*
2017-05-12 09:58:20.550 [ INFO] main (Logger.java) - 
2017-05-12 09:58:20.551 [ INFO] main (Logger.java) - 8CWYKV*GYFL4AVXKD7X#KUNLKB
2017-05-12 09:58:20.551 [ INFO] main (Logger.java) - 
2017-05-12 09:58:20.551 [ INFO] main (Logger.java) - 16FLMP3P*U584NE46D6QPW1KDP
2017-05-12 09:58:20.551 [ INFO] main (Logger.java) - 
2017-05-12 09:58:20.551 [ INFO] main (Logger.java) - 468LWHMSB156#HY2T4Q3ZRN9V3
2017-05-12 09:58:20.551 [ INFO] main (Logger.java) - 
2017-05-12 09:58:20.551 [ INFO] main (Logger.java) - 7FHWYVI3UJAJ5Y76HBFBUZ3HBC
2017-05-12 09:58:20.551 [ INFO] main (Logger.java) - 
2017-05-12 09:58:20.551 [ INFO] main (Logger.java) - 89RQ6WKA8GN6QWPKT13CHUJHW5
2017-05-12 09:58:20.551 [ INFO] main (Logger.java) - 
2017-05-12 09:58:20.551 [ INFO] main (Logger.java) - 9DW*BJFRM74KCMTX1#JT6AJPFR
2017-05-12 09:58:20.552 [ INFO] main (Logger.java) - 
2017-05-12 09:58:20.552 [ INFO] main (Logger.java) - 9XY8J7RKJ15M7XBWDGHL55RAU
2017-05-12 09:58:20.552 [ INFO] main (Logger.java) - 
2017-05-12 09:58:20.552 [ INFO] main (Logger.java) - 47NKD4B8M2GVRCKTWUH9MLACX2
2017-05-12 09:58:20.552 [ INFO] main (Logger.java) - 
2017-05-12 09:58:20.552 [ INFO] main (Logger.java) - 18IVLHEMGA2JZVQQ3DXUMV8Z8I
2017-05-12 09:58:20.552 [ INFO] main (Logger.java) - 
2017-05-12 09:58:20.552 [ INFO] main (Logger.java) - 3C3CCLXB6ZURVY1S9W#LFCCD*H
2017-05-12 09:58:20.552 [ INFO] main (Logger.java) - 
2017-05-12 09:58:20.552 [ INFO] main (Logger.java) - 3E22L59B1UD8HIAJRDAX1S32C7
2017-05-12 09:58:20.552 [ INFO] main (Logger.java) - 
2017-05-12 09:58:20.553 [ INFO] main (Logger.java) - 23XV1ZQDM8M2YQEZTQJ5P98Y1B
2017-05-12 09:58:20.553 [ INFO] main (Logger.java) - 
2017-05-12 09:58:20.553 [ INFO] main (Logger.java) - 77JFLT24KMWAFXVM8N4I65#YB4
2017-05-12 09:58:20.553 [ INFO] main (Logger.java) - 
2017-05-12 09:58:20.553 [ INFO] main (Logger.java) - 2BQ2V*H#*#F7FQMNNQF5P2DZZ9
2017-05-12 09:58:20.553 [ INFO] main (Logger.java) - 
2017-05-12 09:58:20.553 [ INFO] main (Logger.java) - 4BUNK#E2FD7RMT4G2BEJGP55N*
2017-05-12 09:58:20.553 [ INFO] main (Logger.java) - 
2017-05-12 09:58:20.553 [ INFO] main (Logger.java) - 3D71CAG2I8U7GYAT46RDN45SUI
2017-05-12 09:58:20.553 [ INFO] main (Logger.java) - 
2017-05-12 09:58:20.553 [ INFO] main (Logger.java) - 1BJ5EWXK9DDJAK4HX7AHPG6FSI
2017-05-12 09:58:20.553 [ INFO] main (Logger.java) - 
2017-05-12 09:58:20.554 [ INFO] main (Logger.java) - 18ADBX*ZSFT59Z4K8NB4CS#I7R
2017-05-12 09:58:20.554 [ INFO] main (Logger.java) - 
2017-05-12 09:58:20.554 [ INFO] main (Logger.java) - 8D6GBAG5J6H3RKDUTYMLSKU*YX
2017-05-12 09:58:20.554 [ INFO] main (Logger.java) - 
2017-05-12 09:58:20.554 [ INFO] main (Logger.java) - 62BG5WHDD1TF7WTX98GP#HY7LL
2017-05-12 09:58:20.554 [ INFO] main (Logger.java) - 
2017-05-12 09:58:20.554 [ INFO] main (Logger.java) - 2B31S9A*49YG8MIQHLJM9MTTU
2017-05-12 09:58:20.554 [ INFO] main (Logger.java) - 
2017-05-12 09:58:20.554 [ INFO] main (Logger.java) - 833TUX82M4QY5B48RC2H68AHYQ
2017-05-12 09:58:20.554 [ INFO] main (Logger.java) - 
2017-05-12 09:58:20.554 [ INFO] main (Logger.java) - 35TYIH1YW*MPMQN*#3YQ#6FIKV
2017-05-12 09:58:20.555 [ INFO] main (Logger.java) - 
2017-05-12 09:58:20.555 [ INFO] main (Logger.java) - 23D5YJ4JX76Y8CWZTN7UERRI7
2017-05-12 09:58:20.555 [ INFO] main (Logger.java) - 
2017-05-12 09:58:20.555 [ INFO] main (Logger.java) - 36FB2WR1T9VDTY67LRTXB1K#ST
2017-05-12 09:58:20.555 [ INFO] main (Logger.java) - 
2017-05-12 09:58:20.555 [ INFO] main (Logger.java) - 3B8J8B1Q9A3ERB#YS2PYPIP#A*
2017-05-12 09:58:20.555 [ INFO] main (Logger.java) - 
2017-05-12 09:58:20.555 [ INFO] main (Logger.java) - 52EASR*9EC9*IMCNT5LFQBM#SM
2017-05-12 09:58:20.555 [ INFO] main (Logger.java) - 
2017-05-12 09:58:20.555 [ INFO] main (Logger.java) - 38A8MHJNTFIR88TASP7HY9ZCAB
2017-05-12 09:58:20.555 [ INFO] main (Logger.java) - 
2017-05-12 09:58:20.555 [ INFO] main (Logger.java) - 54FRL5WA*BDHC7TLMCP6RA4DB3
2017-05-12 09:58:20.556 [ INFO] main (Logger.java) - 
2017-05-12 09:58:20.556 [ INFO] main (Logger.java) - 3G55HL45GCZM2#78KYQ64DV1IB
2017-05-12 09:58:20.556 [ INFO] main (Logger.java) - 
2017-05-12 09:58:20.556 [ INFO] main (Logger.java) - 93Q7K*VA*#LTNER3#11B8JM1E
2017-05-12 09:58:20.556 [ INFO] main (Logger.java) - 
2017-05-12 09:58:20.556 [ INFO] main (Logger.java) - 74*#9MYXA#S96#E4*TE4HMYPR1
2017-05-12 09:58:20.556 [ INFO] main (Logger.java) - 
2017-05-12 09:58:20.556 [ INFO] main (Logger.java) - 224Z#56NJE1RS*7ZHMZI4NLL7W
2017-05-12 09:58:20.556 [ INFO] main (Logger.java) - 
2017-05-12 09:58:20.556 [ INFO] main (Logger.java) - 8SHNY76AANWF9FAZU2KZ#K*HY
2017-05-12 09:58:20.556 [ INFO] main (Logger.java) - 
2017-05-12 09:58:20.557 [ INFO] main (Logger.java) - 27E3678JYCK7NQJ4GCEKRUW#A8
2017-05-12 09:58:20.557 [ INFO] main (Logger.java) - 
2017-05-12 09:58:20.557 [ INFO] main (Logger.java) - 8F6WG4VKX982NTVYF*X9F7A*I7
2017-05-12 09:58:20.557 [ INFO] main (Logger.java) - 
2017-05-12 09:58:20.557 [ INFO] main (Logger.java) - 1E6#1FXGXF6XU9K9W*H6M85IZU
2017-05-12 09:58:20.557 [ INFO] main (Logger.java) - 
2017-05-12 09:58:20.557 [ INFO] main (Logger.java) - 84GUFYNTR8L52HD5IR#Z*LVZA7
2017-05-12 09:58:20.557 [ INFO] main (Logger.java) - 
2017-05-12 09:58:20.557 [ INFO] main (Logger.java) - 48LUQFWDXX3Z6LC5D*XHDAQ6KG
2017-05-12 09:58:20.557 [ INFO] main (Logger.java) - 
2017-05-12 09:58:20.557 [ INFO] main (Logger.java) - 36EFME5XQ6V8PLSAFH3F#LPZZL
2017-05-12 09:58:20.557 [ INFO] main (Logger.java) - 
2017-05-12 09:58:20.558 [ INFO] main (Logger.java) - 1A4KZYZW2JK993#4AYXV8ARDZ8
2017-05-12 09:58:20.558 [ INFO] main (Logger.java) - 
2017-05-12 09:58:20.558 [ INFO] main (Logger.java) - 97U*T*W5Q711WMYAPIXKGFL818
2017-05-12 09:58:20.558 [ INFO] main (Logger.java) - 
2017-05-12 09:58:20.558 [ INFO] main (Logger.java) - 554TL9H2AXNYEHXAFTVVC3K7ZH
2017-05-12 09:58:20.558 [ INFO] main (Logger.java) - 
2017-05-12 09:58:20.558 [ INFO] main (Logger.java) - 24NYN4ED4A9N#W3BAC75TQLS#T
2017-05-12 09:58:20.558 [ INFO] main (Logger.java) - 
2017-05-12 09:58:20.558 [ INFO] main (Logger.java) - 3CFB7NL93#ES*YV3HG7KTHDP2S
2017-05-12 09:58:20.558 [ INFO] main (Logger.java) - 
2017-05-12 09:58:20.559 [ INFO] main (Logger.java) - 988P3J8A*GYZLX93SFJJB6AK3M
2017-05-12 09:58:20.559 [ INFO] main (Logger.java) - 
2017-05-12 09:58:20.559 [ INFO] main (Logger.java) - 3E8GL6*#AR2FFT9C#1G17I8VM7
2017-05-12 09:58:20.559 [ INFO] main (Logger.java) - 
2017-05-12 09:58:20.559 [ INFO] main (Logger.java) - 2DH99PQUB#1Q#CT#RJZCNSGDUQ
2017-05-12 09:58:20.559 [ INFO] main (Logger.java) - 
2017-05-12 09:58:20.559 [ INFO] main (Logger.java) - 9F##UTKK4UQQG9FM*#H93*7UWV
2017-05-12 09:58:20.559 [ INFO] main (Logger.java) - 
2017-05-12 09:58:20.559 [ INFO] main (Logger.java) - 24H91P296WUV2JN9LVFG3ZB1P*
2017-05-12 09:58:20.559 [ INFO] main (Logger.java) - 
2017-05-12 09:58:20.559 [ INFO] main (Logger.java) - 19CKUX1JI897ZI4FN7*Y*JKLCB
2017-05-12 09:58:20.559 [ INFO] main (Logger.java) - 
2017-05-12 09:58:20.559 [ INFO] main (Logger.java) - 7AU9F##TQFDI*JWXRCQKALVKB6
2017-05-12 09:58:20.559 [ INFO] main (Logger.java) - 
2017-05-12 09:58:20.560 [ INFO] main (Logger.java) - 862TRMPXDJXWXILX5Z2QU3*4XN
2017-05-12 09:58:20.560 [ INFO] main (Logger.java) - 
2017-05-12 09:58:20.560 [ INFO] main (Logger.java) - 33*PMP6BI3M7ILG4CAD8NTPR9N
2017-05-12 09:58:20.560 [ INFO] main (Logger.java) - 
2017-05-12 09:58:20.560 [ INFO] main (Logger.java) - 3352K47DRCTMRID3E*NMJUYI65
2017-05-12 09:58:20.560 [ INFO] main (Logger.java) - 
2017-05-12 09:58:20.560 [ INFO] main (Logger.java) - 96X8GDXTA3**YV9FWMGX51JSB#
2017-05-12 09:58:20.560 [ INFO] main (Logger.java) - 
2017-05-12 09:58:20.560 [ INFO] main (Logger.java) - 99HYYPP1J48U2HJQQHC2836UK#
2017-05-12 09:58:20.560 [ INFO] main (Logger.java) - 
2017-05-12 09:58:20.560 [ INFO] main (Logger.java) - 32KCQ*XGB9T81DPB7WAVFB8N9E
2017-05-12 09:58:20.560 [ INFO] main (Logger.java) - 
2017-05-12 09:58:20.561 [ INFO] main (Logger.java) - 1CKY*CPF42BXJ4N#U*DK*BTIDN
2017-05-12 09:58:20.561 [ INFO] main (Logger.java) - 
2017-05-12 09:58:20.561 [ INFO] main (Logger.java) - 79KVAZD8CGJ*KLKLQIKHXRJVU3
2017-05-12 09:58:20.561 [ INFO] main (Logger.java) - 
2017-05-12 09:58:20.561 [ INFO] main (Logger.java) - 121UNQFUB4AU6*NY6FMTGAQSR9
2017-05-12 09:58:20.561 [ INFO] main (Logger.java) - 
2017-05-12 09:58:20.561 [ INFO] main (Logger.java) - 63#X1WMY*9QX847TZH8VS6Q9YR
2017-05-12 09:58:20.561 [ INFO] main (Logger.java) - 
2017-05-12 09:58:20.561 [ INFO] main (Logger.java) - 986G88B8WL#HJGIL*R1*DJSBV8
2017-05-12 09:58:20.561 [ INFO] main (Logger.java) - 
2017-05-12 09:58:20.561 [ INFO] main (Logger.java) - 322BRTD21KIQ5BLU2RM7S8VZLI
2017-05-12 09:58:20.561 [ INFO] main (Logger.java) - 
2017-05-12 09:58:20.562 [ INFO] main (Logger.java) - 32GVEPEVL2YC9ZB1M8BGLCA1Z9
2017-05-12 09:58:20.562 [ INFO] main (Logger.java) - 
2017-05-12 09:58:20.562 [ INFO] main (Logger.java) - 7EI35FA#1TKPA8IY18NKYL7AH7
2017-05-12 09:58:20.562 [ INFO] main (Logger.java) - 
2017-05-12 09:58:20.562 [ INFO] main (Logger.java) - 9BC42U#UPC#KSD#3XT8QGGNP4
2017-05-12 09:58:20.562 [ INFO] main (Logger.java) - 
2017-05-12 09:58:20.562 [ INFO] main (Logger.java) - 14GD6CNBRYMPNHVJ2DKHZ7T5LX
2017-05-12 09:58:20.562 [ INFO] main (Logger.java) - 
2017-05-12 09:58:20.562 [ INFO] main (Logger.java) - 3BDQM53*Q7A*ZVXA6VAA13QWD5
2017-05-12 09:58:20.562 [ INFO] main (Logger.java) - 
2017-05-12 09:58:20.562 [ INFO] main (Logger.java) - 9CPHWUN7H9*2C#EHVQ8FJT314J
2017-05-12 09:58:20.562 [ INFO] main (Logger.java) - 
2017-05-12 09:58:20.562 [ INFO] main (Logger.java) - 86U17DIW8NB32XWQNL8FIUE#1H
2017-05-12 09:58:20.563 [ INFO] main (Logger.java) - 
2017-05-12 09:58:20.563 [ INFO] main (Logger.java) - 22BB6IJ#18DVP9C1G8HSC5A6AH
2017-05-12 09:58:20.563 [ INFO] main (Logger.java) - 
2017-05-12 09:58:20.563 [ INFO] main (Logger.java) - 72M32WN1DL4NS3BDT*8#4RIMIV
2017-05-12 09:58:20.563 [ INFO] main (Logger.java) - 
2017-05-12 09:58:20.563 [ INFO] main (Logger.java) - 68WENRW4CAD5489R*E9SLDBDPV
2017-05-12 09:58:20.563 [ INFO] main (Logger.java) - 
2017-05-12 09:58:20.563 [ INFO] main (Logger.java) - 72YIYTP72R#X#99IGP44KDYVDG
2017-05-12 09:58:20.563 [ INFO] main (Logger.java) - 
2017-05-12 09:58:20.563 [ INFO] main (Logger.java) - 85YF#3HWC1D2ZP#7YE3GMIYCJW
2017-05-12 09:58:20.563 [ INFO] main (Logger.java) - 
2017-05-12 09:58:20.563 [ INFO] main (Logger.java) - 43MB6AZGHC7R329JJ2FYC4A8*A
2017-05-12 09:58:20.563 [ INFO] main (Logger.java) - 
2017-05-12 09:58:20.564 [ INFO] main (Logger.java) - 2M2JBHQ1P73#8SH*YFU7J#R8K
2017-05-12 09:58:20.564 [ INFO] main (Logger.java) - 
2017-05-12 09:58:20.564 [ INFO] main (Logger.java) - 659#CHRG**PNXE6HWH#URG9*XM
2017-05-12 09:58:20.564 [ INFO] main (Logger.java) - 
2017-05-12 09:58:20.564 [ INFO] main (Logger.java) - 3A9MPKSA#9BWKQZ2X1RSMXB31N
2017-05-12 09:58:20.564 [ INFO] main (Logger.java) - 
2017-05-12 09:58:20.564 [ INFO] main (Logger.java) - 82R9U8Y8GKJ*MPGKULVVY5R99G
2017-05-12 09:58:20.564 [ INFO] main (Logger.java) - 
2017-05-12 09:58:20.564 [ INFO] main (Logger.java) - 34NX#*RSJTILQEBSINILCS5F8V
2017-05-12 09:58:20.564 [ INFO] main (Logger.java) - 
2017-05-12 09:58:20.564 [ INFO] main (Logger.java) - 172ZKNGEI7UKM6XUP5UEF5DWX8
2017-05-12 09:58:20.564 [ INFO] main (Logger.java) - 
2017-05-12 09:58:20.565 [ INFO] main (Logger.java) - 156M6YVJK#8Y73Z6RWQP74JV7J
2017-05-12 09:58:20.565 [ INFO] main (Logger.java) - 
2017-05-12 09:58:20.565 [ INFO] main (Logger.java) - 6AQ1IA*QFL2HS77C1P4U2132KC
2017-05-12 09:58:20.565 [ INFO] main (Logger.java) - 
2017-05-12 09:58:20.565 [ INFO] main (Logger.java) - 54CL9Y7ZYHSVGI97G9N1AFLX7H
2017-05-12 09:58:20.565 [ INFO] main (Logger.java) - 
2017-05-12 09:58:20.565 [ INFO] main (Logger.java) - 2CDNYG1PNIKY6BBNB6NDTT3SD1
2017-05-12 09:58:20.565 [ INFO] main (Logger.java) - 
2017-05-12 09:58:20.565 [ INFO] main (Logger.java) - 2G1YAXZ*TD*Q8*4D8M*21A6#*2
2017-05-12 09:58:20.565 [ INFO] main (Logger.java) - 
2017-05-12 09:58:20.565 [ INFO] main (Logger.java) - 39EV589ZQYFK7LQMT4YUIBCQP#
2017-05-12 09:58:20.565 [ INFO] main (Logger.java) - 
2017-05-12 09:58:20.566 [ INFO] main (Logger.java) - 282TTBAZSSKAP6EJXQWXLABQ**
2017-05-12 09:58:20.566 [ INFO] main (Logger.java) - 
2017-05-12 09:58:20.566 [ INFO] main (Logger.java) - 389WYY*H9YMTPTILZJD7VJQCGI
2017-05-12 09:58:20.566 [ INFO] main (Logger.java) - 
2017-05-12 09:58:20.566 [ INFO] main (Logger.java) - 32FTYM8SNJI8ZZAWWGDCJ*PBU7
2017-05-12 09:58:20.566 [ INFO] main (Logger.java) - 
2017-05-12 09:58:20.566 [ INFO] main (Logger.java) - 32RV3YEWJFLZ5ZDS*INI2R*3WC
2017-05-12 09:58:20.566 [ INFO] main (Logger.java) - 
2017-05-12 09:58:20.566 [ INFO] main (Logger.java) - 4BU9Z66XWQZWGYPW3VGWBRUBWJ
2017-05-12 09:58:20.566 [ INFO] main (Logger.java) - 
2017-05-12 09:58:20.566 [ INFO] main (Logger.java) - 62VEEAHLSEUIR4RNPMCGN5T#3I
2017-05-12 09:58:20.566 [ INFO] main (Logger.java) - 
2017-05-12 09:58:20.566 [ INFO] main (Logger.java) - 446J*S8CK31K5*8*GT#4RS3TID
2017-05-12 09:58:20.567 [ INFO] main (Logger.java) - 
2017-05-12 09:58:20.567 [ INFO] main (Logger.java) - 36CH9P*W8VCXEAIJ54*VQQD8B4
2017-05-12 09:58:20.567 [ INFO] main (Logger.java) - 
2017-05-12 09:58:20.567 [ INFO] main (Logger.java) - 8G1#BYNU8GQMYMHYCHV5WL1Y72
2017-05-12 09:58:20.567 [ INFO] main (Logger.java) - 
2017-05-12 09:58:20.567 [ INFO] main (Logger.java) - 87QY7Q7DW55R41HTL9A##F5DF
2017-05-12 09:58:20.567 [ INFO] main (Logger.java) - 
2017-05-12 09:58:20.567 [ INFO] main (Logger.java) - 6DMB9WBRTGR2SMC6SMRLNAP#A9
2017-05-12 09:58:20.567 [ INFO] main (Logger.java) - 
